

<!DOCTYPE html>
<html>
<head>
<meta charset="UTF-8">
<meta name="viewport" content="width=device-width, initial-scale=1, shrink-to-fit=no">
<title>dsAlgoApp</title>
<link rel="apple-touch-icon" href="https://cdn.jsdelivr.net/gh/extent-framework/extent-github-cdn@b00a2d0486596e73dd7326beacf352c639623a0e/commons/img/logo.png">
<link rel="shortcut icon" href="https://cdn.jsdelivr.net/gh/extent-framework/extent-github-cdn@b00a2d0486596e73dd7326beacf352c639623a0e/commons/img/logo.png">
<link href="https://cdn.jsdelivr.net/gh/extent-framework/extent-github-cdn@ce8b10435bcbae260c334c0d0c6b61d2c19b6168/spark/css/spark-style.css" rel="stylesheet" />
<link href="https://stackpath.bootstrapcdn.com/font-awesome/4.7.0/css/font-awesome.min.css" rel="stylesheet">
<script src="https://cdn.jsdelivr.net/gh/extent-framework/extent-github-cdn@7cc78ce/spark/js/jsontree.js"></script>
<style type="text/css"></style></head><body class="spa bdd-report dark">
  <div class="app">
    <div class="layout">
<div class="header navbar">
<div class="vheader">
<div class="nav-logo">
<a href="#">
<div class="logo" style="background-image: url('https://cdn.jsdelivr.net/gh/extent-framework/extent-github-cdn@b00a2d0486596e73dd7326beacf352c639623a0e/commons/img/logo.png')"></div>
</a>
</div>
<ul class="nav-left">
<li class="search-box">
<a class="search-toggle" href="#">
<i class="search-icon fa fa-search"></i>
<i class="search-icon-close fa fa-close"></i>
</a>
</li>
<li class="search-input"><input id="search-tests" class="form-control" type="text" placeholder="Search..."></li>
</ul>
<ul class="nav-right">
<li class="m-r-10">
<a href="#"><span class="badge badge-primary">dsAlgoTeam Report</span></a>
</li>
<li class="m-r-10">
<a href="#"><span class="badge badge-primary">Aug 23, 2024 11:56:13 AM</span></a>
</li>
</ul>
</div>
</div><div class="side-nav">
<div class="side-nav-inner">
<ul class="side-nav-menu">
<li class="nav-item dropdown" onclick="toggleView('dashboard-view')">
<a id="nav-dashboard" class="dropdown-toggle" href="#">
<span class="ico"><i class="fa fa-bar-chart"></i></span>
</a>
</li>
<li class="nav-item dropdown" onclick="toggleView('test-view')">
<a id="nav-test" class="dropdown-toggle" href="#">
<span class="ico"><i class="fa fa-list"></i></span>
</a>
</li>
<li class="nav-item dropdown" onclick="toggleView('exception-view')">
<a id="nav-exception" class="dropdown-toggle" href="#">
<span class="ico"><i class="fa fa-bug"></i></span>
</a>
</li>
</ul>
</div>
</div>      <div class="vcontainer">
        <div class="main-content">
<div class="container-fluid p-4 view dashboard-view">
<div class="row">
<div class="col-md-3">
<div class="card"><div class="card-body">
<p class="m-b-0">Started</p>
<h3>Aug 23, 2024 11:56:13 AM</h3>
</div></div>
</div>
<div class="col-md-3">
<div class="card"><div class="card-body">
<p class="m-b-0">Ended</p>
<h3>Aug 23, 2024 12:04:02 PM</h3>
</div></div>
</div>
<div class="col-md-3">
<div class="card"><div class="card-body">
<p class="m-b-0 text-pass">Features Passed</p>
<h3>0</h3>
</div></div>
</div>
<div class="col-md-3">
<div class="card"><div class="card-body">
<p class="m-b-0 text-fail">Features Failed</p>
<h3>2</h3>
</div></div>
</div>
</div>
<div class="row">
<div class="col-md-4">
<div class="card">
<div class="card-header">
<h6 class="card-title">Features</h6>
</div>
<div class="card-body">
<div class="">
<canvas id='parent-analysis' width='115' height='90'></canvas>
</div>
</div>
<div class="card-footer">
<div><small data-tooltip='0%'>
<b>0</b> features passed
</small>
</div>
<div>
<small data-tooltip='100%'><b>2</b> features failed,
<b>0</b> skipped, <b data-tooltip='0%'>0</b> others
</small>
</div>
</div>
</div>
</div>
<div class="col-md-4">
<div class="card">
<div class="card-header">
<h6 class="card-title">Scenarios</h6>
</div>
<div class="card-body">
<div class="">
<canvas id='child-analysis' width='115' height='90'></canvas>
</div>
</div>
<div class="card-footer">
<div><small data-tooltip='33%'><b>10</b> scenarios passed</small></div>
<div>
<small data-tooltip='66%'><b>20</b> scenarios failed,
<b>0</b> skipped, <b data-tooltip='%'>0</b> others
</small>
</div>
</div>
</div>
</div>
<div class="col-md-4">
<div class="card">
<div class="card-header">
<h6 class="card-title">Steps</h6>
</div>
<div class="card-body">
<div class="">
<canvas id='grandchild-analysis' width='115' height='90'></canvas>
</div>
</div>
<div class="card-footer">
<div><small data-tooltip='37%'><b>74</b> steps passed</small></div>
<div>
<small data-tooltip='10%'><b>21</b> steps failed,
<b>105</b> skipped, <b data-tooltip='%'>0</b> others
</small>
</div>
</div>
</div>
</div>
</div>
<div class="row"><div class="col-md-12">
<div class="card"><div class="card-header"><p>Timeline</p></div>
<div class="card-body pt-0"><div>
<canvas id="timeline" height="120"></canvas>
</div></div>
</div>
</div></div>
<script>
var timeline = {
"Linked List Navigation and Interaction":26.721,"Linked List Navigation and Interaction":434.574
};
</script>
<div class="row">
<div class="col-lg-6 col-md-12 sysenv-container">
<div class="card">
<div class="card-header"><p>System/Environment</p></div>
<div class="card-body pb-0 pt-0"><table class="table table-sm table-bordered">
<thead><tr class="bg-gray"><th>Name</th><th>Value</th></tr></thead>
<tbody>
<tr>
<td>AppName</td>
<td>dsAlgoProject</td>
</tr>
<tr>
<td>user</td>
<td>qaSquad</td>
</tr>
<tr>
<td>build</td>
<td>1.1</td>
</tr>
<tr>
<td>os</td>
<td>Windows</td>
</tr>
</tbody>
</table></div>
</div>
</div>
</div>
</div>
<script>
var statusGroup = {
parentCount: 5,
passParent: 0,
failParent: 2,
warningParent: 0,
skipParent: 0,
childCount: 5,
passChild: 10,
failChild: 20,
warningChild: 0,
skipChild: 0,
infoChild: 0,
grandChildCount: 5,
passGrandChild: 74,
failGrandChild: 21,
warningGrandChild: 0,
skipGrandChild: 105,
infoGrandChild: 0,
eventsCount: 5,
};
</script><div class="test-wrapper row view test-view">
  <div class="test-list">
    <div class="test-list-tools">
<ul class="tools pull-left">
<li><a href="#"><span class="font-size-14">Tests</span></a></li>
</ul>
<ul class="tools text-right">
<li class="dropdown">
<a href="#" class="dropdown-toggle" data-toggle="dropdown"><i class="fa fa-exclamation-circle"></i></a>
<ul id="status-toggle" class="dropdown-menu dropdown-md p-v-0">
<a class="dropdown-item" status="fail" href="#"><span>Fail</span><span class="status danger"></span></a>
<div class="dropdown-divider"></div>
<a status="clear" class="dropdown-item" href="#"><span>Clear</span><span class="pull-right"><i class="fa fa-close"></i></span></a>
</ul>
</li>
</ul>
</div>    <div class="test-list-wrapper scrollable">
      <ul class="test-list-item">
        <li class="test-item"  status="fail" test-id="1"
          author=""
          tag=""
          device="">
          <div class="test-detail">
            <p class="name">Linked List Navigation and Interaction</p>
            <p class="text-sm">
              <span>11:56:16 AM</span> / <span>00:00:26:721</span>
              <span class="badge fail-bg log float-right">Fail</span>
            </p>
          </div>
          <div class="test-contents d-none">
<div class="detail-head">
<div class="p-v-10">
<div class="info">
<h5 class="test-status text-fail">Linked List Navigation and Interaction</h5>
<span class='badge badge-success'>08.23.2024 11:56:16 AM</span>
<span class='badge badge-danger'>08.23.2024 11:56:42 AM</span>
<span class='badge badge-default'>00:00:26:721</span>
&middot; <span class='uri-anchor badge badge-default'>#test-id=1</span>
<span title='Skip to the next failed step' class='badge badge-danger pointer float-right ne ml-1'><i class="fa fa-fast-forward"></i></span>
<span title='Collapse all nodes' class='badge badge-default pointer float-right ct ml-1'><i class="fa fa-compress"></i></span>
<span title='Expand all nodes' class='badge badge-default pointer float-right et'><i class="fa fa-expand"></i></span>
</div>
<div class="m-t-10 m-l-5"></div>
</div>
</div>
<div class="accordion mt-4">
  <div class="card">
    <div class="card-header" role="tab">
      <div class="card-title">
        <div class="node" id="2"><span class="badge log fail-bg mr-2">Fail</span>User navigates to tryEditor from Introductionpage</div>
      </div>
    </div>
        <div class="">
          <div class="card-body">
              <div class="step fail-bg" title="BEFORE">
                <span>com.dsAlgoProject.Hooks.dsAlgoHooks.setUp(io.cucumber.java.Scenario)</span>
      <div>
        <textarea disabled class="code-block">org.openqa.selenium.SessionNotCreatedException: Could not start a new session. Response code 500. Message: session not created: Microsoft Edge failed to start: crashed.
  (session not created: DevToolsActivePort file doesn't exist)
  (The process started from msedge location C:\Program Files (x86)\Microsoft\Edge\Application\msedge.exe is no longer running, so msedgedriver is assuming that msedge has crashed.) 
Host info: host: 'NIKACHOO', ip: '192.168.0.20'
Build info: version: '4.23.1', revision: '656257d8e9'
System info: os.name: 'Windows 11', os.arch: 'amd64', os.version: '10.0', java.version: '17.0.11'
Driver info: org.openqa.selenium.edge.EdgeDriver
Command: [null, newSession {capabilities=[Capabilities {browserName: MicrosoftEdge, ms:edgeOptions: {args: [], binary: C:\Program Files (x86)\Micr..., extensions: []}}]}]
	at org.openqa.selenium.remote.ProtocolHandshake.createSession(ProtocolHandshake.java:114)
	at org.openqa.selenium.remote.ProtocolHandshake.createSession(ProtocolHandshake.java:75)
	at org.openqa.selenium.remote.ProtocolHandshake.createSession(ProtocolHandshake.java:61)
	at org.openqa.selenium.remote.HttpCommandExecutor.execute(HttpCommandExecutor.java:162)
	at org.openqa.selenium.remote.service.DriverCommandExecutor.invokeExecute(DriverCommandExecutor.java:216)
	at org.openqa.selenium.remote.service.DriverCommandExecutor.execute(DriverCommandExecutor.java:174)
	at org.openqa.selenium.remote.RemoteWebDriver.execute(RemoteWebDriver.java:545)
	at org.openqa.selenium.remote.RemoteWebDriver.startSession(RemoteWebDriver.java:245)
	at org.openqa.selenium.remote.RemoteWebDriver.<init>(RemoteWebDriver.java:174)
	at org.openqa.selenium.chromium.ChromiumDriver.<init>(ChromiumDriver.java:114)
	at org.openqa.selenium.edge.EdgeDriver.<init>(EdgeDriver.java:60)
	at org.openqa.selenium.edge.EdgeDriver.<init>(EdgeDriver.java:56)
	at org.openqa.selenium.edge.EdgeDriver.<init>(EdgeDriver.java:48)
	at org.openqa.selenium.edge.EdgeDriver.<init>(EdgeDriver.java:44)
	at com.dsAlgoWebDriverManager.DriverManager.initilizedriver(DriverManager.java:58)
	at com.dsAlgoProject.Hooks.dsAlgoHooks.setUp(dsAlgoHooks.java:58)
</textarea>
      
      </div>
              </div>
              <div class="step skip-bg" title="Stepdefinitions.CommonbackgroundSteps.the_user_navigates_to_the_login_page()">
                <span>Given the user navigates to the login page</span>
      <div>Step skipped
      </div>
              </div>
              <div class="step skip-bg" title="Stepdefinitions.CommonbackgroundSteps.the_user_enters_a_valid_username_and_password()">
                <span>When the user enters a valid username and password</span>
      <div>Step skipped
      </div>
              </div>
              <div class="step skip-bg" title="Stepdefinitions.CommonbackgroundSteps.clicks_the_login_button()">
                <span>Then clicks the login button</span>
      <div>Step skipped
      </div>
              </div>
              <div class="step skip-bg" title="Stepdefinitions.CommonbackgroundSteps.the_user_is_on(java.lang.String)">
                <span>Given the user is on "Introductionpage"</span>
      <div>Step skipped
      </div>
              </div>
              <div class="step skip-bg" title="Stepdefinitions.LinkedListSteps.the_user_selects_button(java.lang.String)">
                <span>When the user selects "Try Here" button</span>
      <div>Step skipped
      </div>
              </div>
              <div class="step skip-bg" title="Stepdefinitions.LinkedListSteps.the_user_should_land_on_the_page(java.lang.String)">
                <span>Then the user should land on the "Assessment" page</span>
      <div>Step skipped
      </div>
              </div>
          </div>
        </div>
  </div>
  <div class="card">
    <div class="card-header" role="tab">
      <div class="card-title">
        <div class="node" id="3"><span class="badge log fail-bg mr-2">Fail</span>User navigates to Implement Linked List in Python from linkedlistpage</div>
      </div>
    </div>
        <div class="">
          <div class="card-body">
              <div class="step fail-bg" title="BEFORE">
                <span>com.dsAlgoProject.Hooks.dsAlgoHooks.setUp(io.cucumber.java.Scenario)</span>
      <div>
        <textarea disabled class="code-block">org.openqa.selenium.SessionNotCreatedException: Could not start a new session. Response code 500. Message: session not created: Microsoft Edge failed to start: crashed.
  (session not created: DevToolsActivePort file doesn't exist)
  (The process started from msedge location C:\Program Files (x86)\Microsoft\Edge\Application\msedge.exe is no longer running, so msedgedriver is assuming that msedge has crashed.) 
Host info: host: 'NIKACHOO', ip: '192.168.0.20'
Build info: version: '4.23.1', revision: '656257d8e9'
System info: os.name: 'Windows 11', os.arch: 'amd64', os.version: '10.0', java.version: '17.0.11'
Driver info: org.openqa.selenium.edge.EdgeDriver
Command: [null, newSession {capabilities=[Capabilities {browserName: MicrosoftEdge, ms:edgeOptions: {args: [], binary: C:\Program Files (x86)\Micr..., extensions: []}}]}]
	at org.openqa.selenium.remote.ProtocolHandshake.createSession(ProtocolHandshake.java:114)
	at org.openqa.selenium.remote.ProtocolHandshake.createSession(ProtocolHandshake.java:75)
	at org.openqa.selenium.remote.ProtocolHandshake.createSession(ProtocolHandshake.java:61)
	at org.openqa.selenium.remote.HttpCommandExecutor.execute(HttpCommandExecutor.java:162)
	at org.openqa.selenium.remote.service.DriverCommandExecutor.invokeExecute(DriverCommandExecutor.java:216)
	at org.openqa.selenium.remote.service.DriverCommandExecutor.execute(DriverCommandExecutor.java:174)
	at org.openqa.selenium.remote.RemoteWebDriver.execute(RemoteWebDriver.java:545)
	at org.openqa.selenium.remote.RemoteWebDriver.startSession(RemoteWebDriver.java:245)
	at org.openqa.selenium.remote.RemoteWebDriver.<init>(RemoteWebDriver.java:174)
	at org.openqa.selenium.chromium.ChromiumDriver.<init>(ChromiumDriver.java:114)
	at org.openqa.selenium.edge.EdgeDriver.<init>(EdgeDriver.java:60)
	at org.openqa.selenium.edge.EdgeDriver.<init>(EdgeDriver.java:56)
	at org.openqa.selenium.edge.EdgeDriver.<init>(EdgeDriver.java:48)
	at org.openqa.selenium.edge.EdgeDriver.<init>(EdgeDriver.java:44)
	at com.dsAlgoWebDriverManager.DriverManager.initilizedriver(DriverManager.java:58)
	at com.dsAlgoProject.Hooks.dsAlgoHooks.setUp(dsAlgoHooks.java:58)
</textarea>
      
      </div>
              </div>
              <div class="step skip-bg" title="Stepdefinitions.CommonbackgroundSteps.the_user_navigates_to_the_login_page()">
                <span>Given the user navigates to the login page</span>
      <div>Step skipped
      </div>
              </div>
              <div class="step skip-bg" title="Stepdefinitions.CommonbackgroundSteps.the_user_enters_a_valid_username_and_password()">
                <span>When the user enters a valid username and password</span>
      <div>Step skipped
      </div>
              </div>
              <div class="step skip-bg" title="Stepdefinitions.CommonbackgroundSteps.clicks_the_login_button()">
                <span>Then clicks the login button</span>
      <div>Step skipped
      </div>
              </div>
              <div class="step skip-bg" title="Stepdefinitions.CommonbackgroundSteps.the_user_is_on(java.lang.String)">
                <span>Given the user is on "linkedlistpage"</span>
      <div>Step skipped
      </div>
              </div>
              <div class="step skip-bg" title="Stepdefinitions.LinkedListSteps.the_user_selects_button(java.lang.String)">
                <span>When the user selects "Implement Linked List in Python" button</span>
      <div>Step skipped
      </div>
              </div>
              <div class="step skip-bg" title="Stepdefinitions.LinkedListSteps.the_user_should_land_on_the_page(java.lang.String)">
                <span>Then the user should land on the "Implement Linked List in Python" page</span>
      <div>Step skipped
      </div>
              </div>
          </div>
        </div>
  </div>
  <div class="card">
    <div class="card-header" role="tab">
      <div class="card-title">
        <div class="node" id="4"><span class="badge log fail-bg mr-2">Fail</span>User navigates to Introduction from linkedlistpage</div>
      </div>
    </div>
        <div class="">
          <div class="card-body">
              <div class="step fail-bg" title="BEFORE">
                <span>com.dsAlgoProject.Hooks.dsAlgoHooks.setUp(io.cucumber.java.Scenario)</span>
      <div>
        <textarea disabled class="code-block">org.openqa.selenium.SessionNotCreatedException: Could not start a new session. Response code 500. Message: session not created: Microsoft Edge failed to start: crashed.
  (session not created: DevToolsActivePort file doesn't exist)
  (The process started from msedge location C:\Program Files (x86)\Microsoft\Edge\Application\msedge.exe is no longer running, so msedgedriver is assuming that msedge has crashed.) 
Host info: host: 'NIKACHOO', ip: '192.168.0.20'
Build info: version: '4.23.1', revision: '656257d8e9'
System info: os.name: 'Windows 11', os.arch: 'amd64', os.version: '10.0', java.version: '17.0.11'
Driver info: org.openqa.selenium.edge.EdgeDriver
Command: [null, newSession {capabilities=[Capabilities {browserName: MicrosoftEdge, ms:edgeOptions: {args: [], binary: C:\Program Files (x86)\Micr..., extensions: []}}]}]
	at org.openqa.selenium.remote.ProtocolHandshake.createSession(ProtocolHandshake.java:114)
	at org.openqa.selenium.remote.ProtocolHandshake.createSession(ProtocolHandshake.java:75)
	at org.openqa.selenium.remote.ProtocolHandshake.createSession(ProtocolHandshake.java:61)
	at org.openqa.selenium.remote.HttpCommandExecutor.execute(HttpCommandExecutor.java:162)
	at org.openqa.selenium.remote.service.DriverCommandExecutor.invokeExecute(DriverCommandExecutor.java:216)
	at org.openqa.selenium.remote.service.DriverCommandExecutor.execute(DriverCommandExecutor.java:174)
	at org.openqa.selenium.remote.RemoteWebDriver.execute(RemoteWebDriver.java:545)
	at org.openqa.selenium.remote.RemoteWebDriver.startSession(RemoteWebDriver.java:245)
	at org.openqa.selenium.remote.RemoteWebDriver.<init>(RemoteWebDriver.java:174)
	at org.openqa.selenium.chromium.ChromiumDriver.<init>(ChromiumDriver.java:114)
	at org.openqa.selenium.edge.EdgeDriver.<init>(EdgeDriver.java:60)
	at org.openqa.selenium.edge.EdgeDriver.<init>(EdgeDriver.java:56)
	at org.openqa.selenium.edge.EdgeDriver.<init>(EdgeDriver.java:48)
	at org.openqa.selenium.edge.EdgeDriver.<init>(EdgeDriver.java:44)
	at com.dsAlgoWebDriverManager.DriverManager.initilizedriver(DriverManager.java:58)
	at com.dsAlgoProject.Hooks.dsAlgoHooks.setUp(dsAlgoHooks.java:58)
</textarea>
      
      </div>
              </div>
              <div class="step skip-bg" title="Stepdefinitions.CommonbackgroundSteps.the_user_navigates_to_the_login_page()">
                <span>Given the user navigates to the login page</span>
      <div>Step skipped
      </div>
              </div>
              <div class="step skip-bg" title="Stepdefinitions.CommonbackgroundSteps.the_user_enters_a_valid_username_and_password()">
                <span>When the user enters a valid username and password</span>
      <div>Step skipped
      </div>
              </div>
              <div class="step skip-bg" title="Stepdefinitions.CommonbackgroundSteps.clicks_the_login_button()">
                <span>Then clicks the login button</span>
      <div>Step skipped
      </div>
              </div>
              <div class="step skip-bg" title="Stepdefinitions.CommonbackgroundSteps.the_user_is_on(java.lang.String)">
                <span>Given the user is on "linkedlistpage"</span>
      <div>Step skipped
      </div>
              </div>
              <div class="step skip-bg" title="Stepdefinitions.LinkedListSteps.the_user_selects_button(java.lang.String)">
                <span>When the user selects "Introduction" button</span>
      <div>Step skipped
      </div>
              </div>
              <div class="step skip-bg" title="Stepdefinitions.LinkedListSteps.the_user_should_land_on_the_page(java.lang.String)">
                <span>Then the user should land on the "Introduction" page</span>
      <div>Step skipped
      </div>
              </div>
          </div>
        </div>
  </div>
  <div class="card">
    <div class="card-header" role="tab">
      <div class="card-title">
        <div class="node" id="5"><span class="badge log fail-bg mr-2">Fail</span>User navigates to tryEditor from ImplementLinkedListinPythonpage</div>
      </div>
    </div>
        <div class="">
          <div class="card-body">
              <div class="step fail-bg" title="BEFORE">
                <span>com.dsAlgoProject.Hooks.dsAlgoHooks.setUp(io.cucumber.java.Scenario)</span>
      <div>
        <textarea disabled class="code-block">org.openqa.selenium.SessionNotCreatedException: Could not start a new session. Response code 500. Message: session not created: Microsoft Edge failed to start: crashed.
  (session not created: DevToolsActivePort file doesn't exist)
  (The process started from msedge location C:\Program Files (x86)\Microsoft\Edge\Application\msedge.exe is no longer running, so msedgedriver is assuming that msedge has crashed.) 
Host info: host: 'NIKACHOO', ip: '192.168.0.20'
Build info: version: '4.23.1', revision: '656257d8e9'
System info: os.name: 'Windows 11', os.arch: 'amd64', os.version: '10.0', java.version: '17.0.11'
Driver info: org.openqa.selenium.edge.EdgeDriver
Command: [null, newSession {capabilities=[Capabilities {browserName: MicrosoftEdge, ms:edgeOptions: {args: [], binary: C:\Program Files (x86)\Micr..., extensions: []}}]}]
	at org.openqa.selenium.remote.ProtocolHandshake.createSession(ProtocolHandshake.java:114)
	at org.openqa.selenium.remote.ProtocolHandshake.createSession(ProtocolHandshake.java:75)
	at org.openqa.selenium.remote.ProtocolHandshake.createSession(ProtocolHandshake.java:61)
	at org.openqa.selenium.remote.HttpCommandExecutor.execute(HttpCommandExecutor.java:162)
	at org.openqa.selenium.remote.service.DriverCommandExecutor.invokeExecute(DriverCommandExecutor.java:216)
	at org.openqa.selenium.remote.service.DriverCommandExecutor.execute(DriverCommandExecutor.java:174)
	at org.openqa.selenium.remote.RemoteWebDriver.execute(RemoteWebDriver.java:545)
	at org.openqa.selenium.remote.RemoteWebDriver.startSession(RemoteWebDriver.java:245)
	at org.openqa.selenium.remote.RemoteWebDriver.<init>(RemoteWebDriver.java:174)
	at org.openqa.selenium.chromium.ChromiumDriver.<init>(ChromiumDriver.java:114)
	at org.openqa.selenium.edge.EdgeDriver.<init>(EdgeDriver.java:60)
	at org.openqa.selenium.edge.EdgeDriver.<init>(EdgeDriver.java:56)
	at org.openqa.selenium.edge.EdgeDriver.<init>(EdgeDriver.java:48)
	at org.openqa.selenium.edge.EdgeDriver.<init>(EdgeDriver.java:44)
	at com.dsAlgoWebDriverManager.DriverManager.initilizedriver(DriverManager.java:58)
	at com.dsAlgoProject.Hooks.dsAlgoHooks.setUp(dsAlgoHooks.java:58)
</textarea>
      
      </div>
              </div>
              <div class="step skip-bg" title="Stepdefinitions.CommonbackgroundSteps.the_user_navigates_to_the_login_page()">
                <span>Given the user navigates to the login page</span>
      <div>Step skipped
      </div>
              </div>
              <div class="step skip-bg" title="Stepdefinitions.CommonbackgroundSteps.the_user_enters_a_valid_username_and_password()">
                <span>When the user enters a valid username and password</span>
      <div>Step skipped
      </div>
              </div>
              <div class="step skip-bg" title="Stepdefinitions.CommonbackgroundSteps.clicks_the_login_button()">
                <span>Then clicks the login button</span>
      <div>Step skipped
      </div>
              </div>
              <div class="step skip-bg" title="Stepdefinitions.CommonbackgroundSteps.the_user_is_on(java.lang.String)">
                <span>Given the user is on "ImplementLinkedListinPythonpage"</span>
      <div>Step skipped
      </div>
              </div>
              <div class="step skip-bg" title="Stepdefinitions.LinkedListSteps.the_user_selects_button(java.lang.String)">
                <span>When the user selects "Try Here" button</span>
      <div>Step skipped
      </div>
              </div>
              <div class="step skip-bg" title="Stepdefinitions.LinkedListSteps.the_user_should_land_on_the_page(java.lang.String)">
                <span>Then the user should land on the "Assessment" page</span>
      <div>Step skipped
      </div>
              </div>
          </div>
        </div>
  </div>
  <div class="card">
    <div class="card-header" role="tab">
      <div class="card-title">
        <div class="node" id="6"><span class="badge log fail-bg mr-2">Fail</span>User navigates to Traversal from linkedlistpage</div>
      </div>
    </div>
        <div class="">
          <div class="card-body">
              <div class="step fail-bg" title="BEFORE">
                <span>com.dsAlgoProject.Hooks.dsAlgoHooks.setUp(io.cucumber.java.Scenario)</span>
      <div>
        <textarea disabled class="code-block">org.openqa.selenium.SessionNotCreatedException: Could not start a new session. Response code 500. Message: session not created: Microsoft Edge failed to start: crashed.
  (session not created: DevToolsActivePort file doesn't exist)
  (The process started from msedge location C:\Program Files (x86)\Microsoft\Edge\Application\msedge.exe is no longer running, so msedgedriver is assuming that msedge has crashed.) 
Host info: host: 'NIKACHOO', ip: '192.168.0.20'
Build info: version: '4.23.1', revision: '656257d8e9'
System info: os.name: 'Windows 11', os.arch: 'amd64', os.version: '10.0', java.version: '17.0.11'
Driver info: org.openqa.selenium.edge.EdgeDriver
Command: [null, newSession {capabilities=[Capabilities {browserName: MicrosoftEdge, ms:edgeOptions: {args: [], binary: C:\Program Files (x86)\Micr..., extensions: []}}]}]
	at org.openqa.selenium.remote.ProtocolHandshake.createSession(ProtocolHandshake.java:114)
	at org.openqa.selenium.remote.ProtocolHandshake.createSession(ProtocolHandshake.java:75)
	at org.openqa.selenium.remote.ProtocolHandshake.createSession(ProtocolHandshake.java:61)
	at org.openqa.selenium.remote.HttpCommandExecutor.execute(HttpCommandExecutor.java:162)
	at org.openqa.selenium.remote.service.DriverCommandExecutor.invokeExecute(DriverCommandExecutor.java:216)
	at org.openqa.selenium.remote.service.DriverCommandExecutor.execute(DriverCommandExecutor.java:174)
	at org.openqa.selenium.remote.RemoteWebDriver.execute(RemoteWebDriver.java:545)
	at org.openqa.selenium.remote.RemoteWebDriver.startSession(RemoteWebDriver.java:245)
	at org.openqa.selenium.remote.RemoteWebDriver.<init>(RemoteWebDriver.java:174)
	at org.openqa.selenium.chromium.ChromiumDriver.<init>(ChromiumDriver.java:114)
	at org.openqa.selenium.edge.EdgeDriver.<init>(EdgeDriver.java:60)
	at org.openqa.selenium.edge.EdgeDriver.<init>(EdgeDriver.java:56)
	at org.openqa.selenium.edge.EdgeDriver.<init>(EdgeDriver.java:48)
	at org.openqa.selenium.edge.EdgeDriver.<init>(EdgeDriver.java:44)
	at com.dsAlgoWebDriverManager.DriverManager.initilizedriver(DriverManager.java:58)
	at com.dsAlgoProject.Hooks.dsAlgoHooks.setUp(dsAlgoHooks.java:58)
</textarea>
      
      </div>
              </div>
              <div class="step skip-bg" title="Stepdefinitions.CommonbackgroundSteps.the_user_navigates_to_the_login_page()">
                <span>Given the user navigates to the login page</span>
      <div>Step skipped
      </div>
              </div>
              <div class="step skip-bg" title="Stepdefinitions.CommonbackgroundSteps.the_user_enters_a_valid_username_and_password()">
                <span>When the user enters a valid username and password</span>
      <div>Step skipped
      </div>
              </div>
              <div class="step skip-bg" title="Stepdefinitions.CommonbackgroundSteps.clicks_the_login_button()">
                <span>Then clicks the login button</span>
      <div>Step skipped
      </div>
              </div>
              <div class="step skip-bg" title="Stepdefinitions.CommonbackgroundSteps.the_user_is_on(java.lang.String)">
                <span>Given the user is on "linkedlistpage"</span>
      <div>Step skipped
      </div>
              </div>
              <div class="step skip-bg" title="Stepdefinitions.LinkedListSteps.the_user_selects_button(java.lang.String)">
                <span>When the user selects "Traversal" button</span>
      <div>Step skipped
      </div>
              </div>
              <div class="step skip-bg" title="Stepdefinitions.LinkedListSteps.the_user_should_land_on_the_page(java.lang.String)">
                <span>Then the user should land on the "Traversal" page</span>
      <div>Step skipped
      </div>
              </div>
          </div>
        </div>
  </div>
  <div class="card">
    <div class="card-header" role="tab">
      <div class="card-title">
        <div class="node" id="7"><span class="badge log fail-bg mr-2">Fail</span>User navigates to tryEditor from Creating Linked LIst page</div>
      </div>
    </div>
        <div class="">
          <div class="card-body">
              <div class="step fail-bg" title="BEFORE">
                <span>com.dsAlgoProject.Hooks.dsAlgoHooks.setUp(io.cucumber.java.Scenario)</span>
      <div>
        <textarea disabled class="code-block">org.openqa.selenium.SessionNotCreatedException: Could not start a new session. Response code 500. Message: session not created: Microsoft Edge failed to start: crashed.
  (session not created: DevToolsActivePort file doesn't exist)
  (The process started from msedge location C:\Program Files (x86)\Microsoft\Edge\Application\msedge.exe is no longer running, so msedgedriver is assuming that msedge has crashed.) 
Host info: host: 'NIKACHOO', ip: '192.168.0.20'
Build info: version: '4.23.1', revision: '656257d8e9'
System info: os.name: 'Windows 11', os.arch: 'amd64', os.version: '10.0', java.version: '17.0.11'
Driver info: org.openqa.selenium.edge.EdgeDriver
Command: [null, newSession {capabilities=[Capabilities {browserName: MicrosoftEdge, ms:edgeOptions: {args: [], binary: C:\Program Files (x86)\Micr..., extensions: []}}]}]
	at org.openqa.selenium.remote.ProtocolHandshake.createSession(ProtocolHandshake.java:114)
	at org.openqa.selenium.remote.ProtocolHandshake.createSession(ProtocolHandshake.java:75)
	at org.openqa.selenium.remote.ProtocolHandshake.createSession(ProtocolHandshake.java:61)
	at org.openqa.selenium.remote.HttpCommandExecutor.execute(HttpCommandExecutor.java:162)
	at org.openqa.selenium.remote.service.DriverCommandExecutor.invokeExecute(DriverCommandExecutor.java:216)
	at org.openqa.selenium.remote.service.DriverCommandExecutor.execute(DriverCommandExecutor.java:174)
	at org.openqa.selenium.remote.RemoteWebDriver.execute(RemoteWebDriver.java:545)
	at org.openqa.selenium.remote.RemoteWebDriver.startSession(RemoteWebDriver.java:245)
	at org.openqa.selenium.remote.RemoteWebDriver.<init>(RemoteWebDriver.java:174)
	at org.openqa.selenium.chromium.ChromiumDriver.<init>(ChromiumDriver.java:114)
	at org.openqa.selenium.edge.EdgeDriver.<init>(EdgeDriver.java:60)
	at org.openqa.selenium.edge.EdgeDriver.<init>(EdgeDriver.java:56)
	at org.openqa.selenium.edge.EdgeDriver.<init>(EdgeDriver.java:48)
	at org.openqa.selenium.edge.EdgeDriver.<init>(EdgeDriver.java:44)
	at com.dsAlgoWebDriverManager.DriverManager.initilizedriver(DriverManager.java:58)
	at com.dsAlgoProject.Hooks.dsAlgoHooks.setUp(dsAlgoHooks.java:58)
</textarea>
      
      </div>
              </div>
              <div class="step skip-bg" title="Stepdefinitions.CommonbackgroundSteps.the_user_navigates_to_the_login_page()">
                <span>Given the user navigates to the login page</span>
      <div>Step skipped
      </div>
              </div>
              <div class="step skip-bg" title="Stepdefinitions.CommonbackgroundSteps.the_user_enters_a_valid_username_and_password()">
                <span>When the user enters a valid username and password</span>
      <div>Step skipped
      </div>
              </div>
              <div class="step skip-bg" title="Stepdefinitions.CommonbackgroundSteps.clicks_the_login_button()">
                <span>Then clicks the login button</span>
      <div>Step skipped
      </div>
              </div>
              <div class="step skip-bg" title="Stepdefinitions.CommonbackgroundSteps.the_user_is_on(java.lang.String)">
                <span>Given the user is on "CreatingLinkedLIstpage"</span>
      <div>Step skipped
      </div>
              </div>
              <div class="step skip-bg" title="Stepdefinitions.LinkedListSteps.the_user_selects_button(java.lang.String)">
                <span>When the user selects "Try Here" button</span>
      <div>Step skipped
      </div>
              </div>
              <div class="step skip-bg" title="Stepdefinitions.LinkedListSteps.the_user_should_land_on_the_page(java.lang.String)">
                <span>Then the user should land on the "Assessment" page</span>
      <div>Step skipped
      </div>
              </div>
          </div>
        </div>
  </div>
  <div class="card">
    <div class="card-header" role="tab">
      <div class="card-title">
        <div class="node" id="8"><span class="badge log fail-bg mr-2">Fail</span>User navigates to tryEditor from Traversalpage</div>
      </div>
    </div>
        <div class="">
          <div class="card-body">
              <div class="step fail-bg" title="BEFORE">
                <span>com.dsAlgoProject.Hooks.dsAlgoHooks.setUp(io.cucumber.java.Scenario)</span>
      <div>
        <textarea disabled class="code-block">org.openqa.selenium.SessionNotCreatedException: Could not start a new session. Response code 500. Message: session not created: Microsoft Edge failed to start: crashed.
  (session not created: DevToolsActivePort file doesn't exist)
  (The process started from msedge location C:\Program Files (x86)\Microsoft\Edge\Application\msedge.exe is no longer running, so msedgedriver is assuming that msedge has crashed.) 
Host info: host: 'NIKACHOO', ip: '192.168.0.20'
Build info: version: '4.23.1', revision: '656257d8e9'
System info: os.name: 'Windows 11', os.arch: 'amd64', os.version: '10.0', java.version: '17.0.11'
Driver info: org.openqa.selenium.edge.EdgeDriver
Command: [null, newSession {capabilities=[Capabilities {browserName: MicrosoftEdge, ms:edgeOptions: {args: [], binary: C:\Program Files (x86)\Micr..., extensions: []}}]}]
	at org.openqa.selenium.remote.ProtocolHandshake.createSession(ProtocolHandshake.java:114)
	at org.openqa.selenium.remote.ProtocolHandshake.createSession(ProtocolHandshake.java:75)
	at org.openqa.selenium.remote.ProtocolHandshake.createSession(ProtocolHandshake.java:61)
	at org.openqa.selenium.remote.HttpCommandExecutor.execute(HttpCommandExecutor.java:162)
	at org.openqa.selenium.remote.service.DriverCommandExecutor.invokeExecute(DriverCommandExecutor.java:216)
	at org.openqa.selenium.remote.service.DriverCommandExecutor.execute(DriverCommandExecutor.java:174)
	at org.openqa.selenium.remote.RemoteWebDriver.execute(RemoteWebDriver.java:545)
	at org.openqa.selenium.remote.RemoteWebDriver.startSession(RemoteWebDriver.java:245)
	at org.openqa.selenium.remote.RemoteWebDriver.<init>(RemoteWebDriver.java:174)
	at org.openqa.selenium.chromium.ChromiumDriver.<init>(ChromiumDriver.java:114)
	at org.openqa.selenium.edge.EdgeDriver.<init>(EdgeDriver.java:60)
	at org.openqa.selenium.edge.EdgeDriver.<init>(EdgeDriver.java:56)
	at org.openqa.selenium.edge.EdgeDriver.<init>(EdgeDriver.java:48)
	at org.openqa.selenium.edge.EdgeDriver.<init>(EdgeDriver.java:44)
	at com.dsAlgoWebDriverManager.DriverManager.initilizedriver(DriverManager.java:58)
	at com.dsAlgoProject.Hooks.dsAlgoHooks.setUp(dsAlgoHooks.java:58)
</textarea>
      
      </div>
              </div>
              <div class="step skip-bg" title="Stepdefinitions.CommonbackgroundSteps.the_user_navigates_to_the_login_page()">
                <span>Given the user navigates to the login page</span>
      <div>Step skipped
      </div>
              </div>
              <div class="step skip-bg" title="Stepdefinitions.CommonbackgroundSteps.the_user_enters_a_valid_username_and_password()">
                <span>When the user enters a valid username and password</span>
      <div>Step skipped
      </div>
              </div>
              <div class="step skip-bg" title="Stepdefinitions.CommonbackgroundSteps.clicks_the_login_button()">
                <span>Then clicks the login button</span>
      <div>Step skipped
      </div>
              </div>
              <div class="step skip-bg" title="Stepdefinitions.CommonbackgroundSteps.the_user_is_on(java.lang.String)">
                <span>Given the user is on "Traversalpage"</span>
      <div>Step skipped
      </div>
              </div>
              <div class="step skip-bg" title="Stepdefinitions.LinkedListSteps.the_user_selects_button(java.lang.String)">
                <span>When the user selects "Try Here" button</span>
      <div>Step skipped
      </div>
              </div>
              <div class="step skip-bg" title="Stepdefinitions.LinkedListSteps.the_user_should_land_on_the_page(java.lang.String)">
                <span>Then the user should land on the "Assessment" page</span>
      <div>Step skipped
      </div>
              </div>
          </div>
        </div>
  </div>
  <div class="card">
    <div class="card-header" role="tab">
      <div class="card-title">
        <div class="node" id="9"><span class="badge log fail-bg mr-2">Fail</span>User navigates to tryEditor from Insertionpage</div>
      </div>
    </div>
        <div class="">
          <div class="card-body">
              <div class="step fail-bg" title="BEFORE">
                <span>com.dsAlgoProject.Hooks.dsAlgoHooks.setUp(io.cucumber.java.Scenario)</span>
      <div>
        <textarea disabled class="code-block">org.openqa.selenium.SessionNotCreatedException: Could not start a new session. Response code 500. Message: session not created: Microsoft Edge failed to start: crashed.
  (session not created: DevToolsActivePort file doesn't exist)
  (The process started from msedge location C:\Program Files (x86)\Microsoft\Edge\Application\msedge.exe is no longer running, so msedgedriver is assuming that msedge has crashed.) 
Host info: host: 'NIKACHOO', ip: '192.168.0.20'
Build info: version: '4.23.1', revision: '656257d8e9'
System info: os.name: 'Windows 11', os.arch: 'amd64', os.version: '10.0', java.version: '17.0.11'
Driver info: org.openqa.selenium.edge.EdgeDriver
Command: [null, newSession {capabilities=[Capabilities {browserName: MicrosoftEdge, ms:edgeOptions: {args: [], binary: C:\Program Files (x86)\Micr..., extensions: []}}]}]
	at org.openqa.selenium.remote.ProtocolHandshake.createSession(ProtocolHandshake.java:114)
	at org.openqa.selenium.remote.ProtocolHandshake.createSession(ProtocolHandshake.java:75)
	at org.openqa.selenium.remote.ProtocolHandshake.createSession(ProtocolHandshake.java:61)
	at org.openqa.selenium.remote.HttpCommandExecutor.execute(HttpCommandExecutor.java:162)
	at org.openqa.selenium.remote.service.DriverCommandExecutor.invokeExecute(DriverCommandExecutor.java:216)
	at org.openqa.selenium.remote.service.DriverCommandExecutor.execute(DriverCommandExecutor.java:174)
	at org.openqa.selenium.remote.RemoteWebDriver.execute(RemoteWebDriver.java:545)
	at org.openqa.selenium.remote.RemoteWebDriver.startSession(RemoteWebDriver.java:245)
	at org.openqa.selenium.remote.RemoteWebDriver.<init>(RemoteWebDriver.java:174)
	at org.openqa.selenium.chromium.ChromiumDriver.<init>(ChromiumDriver.java:114)
	at org.openqa.selenium.edge.EdgeDriver.<init>(EdgeDriver.java:60)
	at org.openqa.selenium.edge.EdgeDriver.<init>(EdgeDriver.java:56)
	at org.openqa.selenium.edge.EdgeDriver.<init>(EdgeDriver.java:48)
	at org.openqa.selenium.edge.EdgeDriver.<init>(EdgeDriver.java:44)
	at com.dsAlgoWebDriverManager.DriverManager.initilizedriver(DriverManager.java:58)
	at com.dsAlgoProject.Hooks.dsAlgoHooks.setUp(dsAlgoHooks.java:58)
</textarea>
      
      </div>
              </div>
              <div class="step skip-bg" title="Stepdefinitions.CommonbackgroundSteps.the_user_navigates_to_the_login_page()">
                <span>Given the user navigates to the login page</span>
      <div>Step skipped
      </div>
              </div>
              <div class="step skip-bg" title="Stepdefinitions.CommonbackgroundSteps.the_user_enters_a_valid_username_and_password()">
                <span>When the user enters a valid username and password</span>
      <div>Step skipped
      </div>
              </div>
              <div class="step skip-bg" title="Stepdefinitions.CommonbackgroundSteps.clicks_the_login_button()">
                <span>Then clicks the login button</span>
      <div>Step skipped
      </div>
              </div>
              <div class="step skip-bg" title="Stepdefinitions.CommonbackgroundSteps.the_user_is_on(java.lang.String)">
                <span>Given the user is on "Insertionpage"</span>
      <div>Step skipped
      </div>
              </div>
              <div class="step skip-bg" title="Stepdefinitions.LinkedListSteps.the_user_selects_button(java.lang.String)">
                <span>When the user selects "Try Here" button</span>
      <div>Step skipped
      </div>
              </div>
              <div class="step skip-bg" title="Stepdefinitions.LinkedListSteps.the_user_should_land_on_the_page(java.lang.String)">
                <span>Then the user should land on the "Assessment" page</span>
      <div>Step skipped
      </div>
              </div>
          </div>
        </div>
  </div>
  <div class="card">
    <div class="card-header" role="tab">
      <div class="card-title">
        <div class="node" id="10"><span class="badge log fail-bg mr-2">Fail</span>User navigates to Practice Questions from linkedlistpage</div>
      </div>
    </div>
        <div class="">
          <div class="card-body">
              <div class="step fail-bg" title="BEFORE">
                <span>com.dsAlgoProject.Hooks.dsAlgoHooks.setUp(io.cucumber.java.Scenario)</span>
      <div>
        <textarea disabled class="code-block">org.openqa.selenium.SessionNotCreatedException: Could not start a new session. Response code 500. Message: session not created: Microsoft Edge failed to start: crashed.
  (session not created: DevToolsActivePort file doesn't exist)
  (The process started from msedge location C:\Program Files (x86)\Microsoft\Edge\Application\msedge.exe is no longer running, so msedgedriver is assuming that msedge has crashed.) 
Host info: host: 'NIKACHOO', ip: '192.168.0.20'
Build info: version: '4.23.1', revision: '656257d8e9'
System info: os.name: 'Windows 11', os.arch: 'amd64', os.version: '10.0', java.version: '17.0.11'
Driver info: org.openqa.selenium.edge.EdgeDriver
Command: [null, newSession {capabilities=[Capabilities {browserName: MicrosoftEdge, ms:edgeOptions: {args: [], binary: C:\Program Files (x86)\Micr..., extensions: []}}]}]
	at org.openqa.selenium.remote.ProtocolHandshake.createSession(ProtocolHandshake.java:114)
	at org.openqa.selenium.remote.ProtocolHandshake.createSession(ProtocolHandshake.java:75)
	at org.openqa.selenium.remote.ProtocolHandshake.createSession(ProtocolHandshake.java:61)
	at org.openqa.selenium.remote.HttpCommandExecutor.execute(HttpCommandExecutor.java:162)
	at org.openqa.selenium.remote.service.DriverCommandExecutor.invokeExecute(DriverCommandExecutor.java:216)
	at org.openqa.selenium.remote.service.DriverCommandExecutor.execute(DriverCommandExecutor.java:174)
	at org.openqa.selenium.remote.RemoteWebDriver.execute(RemoteWebDriver.java:545)
	at org.openqa.selenium.remote.RemoteWebDriver.startSession(RemoteWebDriver.java:245)
	at org.openqa.selenium.remote.RemoteWebDriver.<init>(RemoteWebDriver.java:174)
	at org.openqa.selenium.chromium.ChromiumDriver.<init>(ChromiumDriver.java:114)
	at org.openqa.selenium.edge.EdgeDriver.<init>(EdgeDriver.java:60)
	at org.openqa.selenium.edge.EdgeDriver.<init>(EdgeDriver.java:56)
	at org.openqa.selenium.edge.EdgeDriver.<init>(EdgeDriver.java:48)
	at org.openqa.selenium.edge.EdgeDriver.<init>(EdgeDriver.java:44)
	at com.dsAlgoWebDriverManager.DriverManager.initilizedriver(DriverManager.java:58)
	at com.dsAlgoProject.Hooks.dsAlgoHooks.setUp(dsAlgoHooks.java:58)
</textarea>
      
      </div>
              </div>
              <div class="step skip-bg" title="Stepdefinitions.CommonbackgroundSteps.the_user_navigates_to_the_login_page()">
                <span>Given the user navigates to the login page</span>
      <div>Step skipped
      </div>
              </div>
              <div class="step skip-bg" title="Stepdefinitions.CommonbackgroundSteps.the_user_enters_a_valid_username_and_password()">
                <span>When the user enters a valid username and password</span>
      <div>Step skipped
      </div>
              </div>
              <div class="step skip-bg" title="Stepdefinitions.CommonbackgroundSteps.clicks_the_login_button()">
                <span>Then clicks the login button</span>
      <div>Step skipped
      </div>
              </div>
              <div class="step skip-bg" title="Stepdefinitions.CommonbackgroundSteps.the_user_is_on(java.lang.String)">
                <span>Given the user is on "Deletionpage"</span>
      <div>Step skipped
      </div>
              </div>
              <div class="step skip-bg" title="Stepdefinitions.LinkedListSteps.the_user_selects_button(java.lang.String)">
                <span>When the user selects "Practice Questions" button</span>
      <div>Step skipped
      </div>
              </div>
              <div class="step skip-bg" title="Stepdefinitions.LinkedListSteps.the_user_should_land_on_the_page(java.lang.String)">
                <span>Then the user should land on the "Practice Questions" page</span>
      <div>Step skipped
      </div>
              </div>
          </div>
        </div>
  </div>
  <div class="card">
    <div class="card-header" role="tab">
      <div class="card-title">
        <div class="node" id="11"><span class="badge log fail-bg mr-2">Fail</span>User navigates to tryEditor from Deletionpage</div>
      </div>
    </div>
        <div class="">
          <div class="card-body">
              <div class="step fail-bg" title="BEFORE">
                <span>com.dsAlgoProject.Hooks.dsAlgoHooks.setUp(io.cucumber.java.Scenario)</span>
      <div>
        <textarea disabled class="code-block">org.openqa.selenium.SessionNotCreatedException: Could not start a new session. Response code 500. Message: session not created: Microsoft Edge failed to start: crashed.
  (session not created: DevToolsActivePort file doesn't exist)
  (The process started from msedge location C:\Program Files (x86)\Microsoft\Edge\Application\msedge.exe is no longer running, so msedgedriver is assuming that msedge has crashed.) 
Host info: host: 'NIKACHOO', ip: '192.168.0.20'
Build info: version: '4.23.1', revision: '656257d8e9'
System info: os.name: 'Windows 11', os.arch: 'amd64', os.version: '10.0', java.version: '17.0.11'
Driver info: org.openqa.selenium.edge.EdgeDriver
Command: [null, newSession {capabilities=[Capabilities {browserName: MicrosoftEdge, ms:edgeOptions: {args: [], binary: C:\Program Files (x86)\Micr..., extensions: []}}]}]
	at org.openqa.selenium.remote.ProtocolHandshake.createSession(ProtocolHandshake.java:114)
	at org.openqa.selenium.remote.ProtocolHandshake.createSession(ProtocolHandshake.java:75)
	at org.openqa.selenium.remote.ProtocolHandshake.createSession(ProtocolHandshake.java:61)
	at org.openqa.selenium.remote.HttpCommandExecutor.execute(HttpCommandExecutor.java:162)
	at org.openqa.selenium.remote.service.DriverCommandExecutor.invokeExecute(DriverCommandExecutor.java:216)
	at org.openqa.selenium.remote.service.DriverCommandExecutor.execute(DriverCommandExecutor.java:174)
	at org.openqa.selenium.remote.RemoteWebDriver.execute(RemoteWebDriver.java:545)
	at org.openqa.selenium.remote.RemoteWebDriver.startSession(RemoteWebDriver.java:245)
	at org.openqa.selenium.remote.RemoteWebDriver.<init>(RemoteWebDriver.java:174)
	at org.openqa.selenium.chromium.ChromiumDriver.<init>(ChromiumDriver.java:114)
	at org.openqa.selenium.edge.EdgeDriver.<init>(EdgeDriver.java:60)
	at org.openqa.selenium.edge.EdgeDriver.<init>(EdgeDriver.java:56)
	at org.openqa.selenium.edge.EdgeDriver.<init>(EdgeDriver.java:48)
	at org.openqa.selenium.edge.EdgeDriver.<init>(EdgeDriver.java:44)
	at com.dsAlgoWebDriverManager.DriverManager.initilizedriver(DriverManager.java:58)
	at com.dsAlgoProject.Hooks.dsAlgoHooks.setUp(dsAlgoHooks.java:58)
</textarea>
      
      </div>
              </div>
              <div class="step skip-bg" title="Stepdefinitions.CommonbackgroundSteps.the_user_navigates_to_the_login_page()">
                <span>Given the user navigates to the login page</span>
      <div>Step skipped
      </div>
              </div>
              <div class="step skip-bg" title="Stepdefinitions.CommonbackgroundSteps.the_user_enters_a_valid_username_and_password()">
                <span>When the user enters a valid username and password</span>
      <div>Step skipped
      </div>
              </div>
              <div class="step skip-bg" title="Stepdefinitions.CommonbackgroundSteps.clicks_the_login_button()">
                <span>Then clicks the login button</span>
      <div>Step skipped
      </div>
              </div>
              <div class="step skip-bg" title="Stepdefinitions.CommonbackgroundSteps.the_user_is_on(java.lang.String)">
                <span>Given the user is on "Deletionpage"</span>
      <div>Step skipped
      </div>
              </div>
              <div class="step skip-bg" title="Stepdefinitions.LinkedListSteps.the_user_selects_button(java.lang.String)">
                <span>When the user selects "Try Here" button</span>
      <div>Step skipped
      </div>
              </div>
              <div class="step skip-bg" title="Stepdefinitions.LinkedListSteps.the_user_should_land_on_the_page(java.lang.String)">
                <span>Then the user should land on the "Assessment" page</span>
      <div>Step skipped
      </div>
              </div>
          </div>
        </div>
  </div>
  <div class="card">
    <div class="card-header" role="tab">
      <div class="card-title">
        <div class="node" id="12"><span class="badge log fail-bg mr-2">Fail</span>User navigates to Insertion from linkedlistpage</div>
      </div>
    </div>
        <div class="">
          <div class="card-body">
              <div class="step fail-bg" title="BEFORE">
                <span>com.dsAlgoProject.Hooks.dsAlgoHooks.setUp(io.cucumber.java.Scenario)</span>
      <div>
        <textarea disabled class="code-block">org.openqa.selenium.SessionNotCreatedException: Could not start a new session. Response code 500. Message: session not created: Microsoft Edge failed to start: crashed.
  (session not created: DevToolsActivePort file doesn't exist)
  (The process started from msedge location C:\Program Files (x86)\Microsoft\Edge\Application\msedge.exe is no longer running, so msedgedriver is assuming that msedge has crashed.) 
Host info: host: 'NIKACHOO', ip: '192.168.0.20'
Build info: version: '4.23.1', revision: '656257d8e9'
System info: os.name: 'Windows 11', os.arch: 'amd64', os.version: '10.0', java.version: '17.0.11'
Driver info: org.openqa.selenium.edge.EdgeDriver
Command: [null, newSession {capabilities=[Capabilities {browserName: MicrosoftEdge, ms:edgeOptions: {args: [], binary: C:\Program Files (x86)\Micr..., extensions: []}}]}]
	at org.openqa.selenium.remote.ProtocolHandshake.createSession(ProtocolHandshake.java:114)
	at org.openqa.selenium.remote.ProtocolHandshake.createSession(ProtocolHandshake.java:75)
	at org.openqa.selenium.remote.ProtocolHandshake.createSession(ProtocolHandshake.java:61)
	at org.openqa.selenium.remote.HttpCommandExecutor.execute(HttpCommandExecutor.java:162)
	at org.openqa.selenium.remote.service.DriverCommandExecutor.invokeExecute(DriverCommandExecutor.java:216)
	at org.openqa.selenium.remote.service.DriverCommandExecutor.execute(DriverCommandExecutor.java:174)
	at org.openqa.selenium.remote.RemoteWebDriver.execute(RemoteWebDriver.java:545)
	at org.openqa.selenium.remote.RemoteWebDriver.startSession(RemoteWebDriver.java:245)
	at org.openqa.selenium.remote.RemoteWebDriver.<init>(RemoteWebDriver.java:174)
	at org.openqa.selenium.chromium.ChromiumDriver.<init>(ChromiumDriver.java:114)
	at org.openqa.selenium.edge.EdgeDriver.<init>(EdgeDriver.java:60)
	at org.openqa.selenium.edge.EdgeDriver.<init>(EdgeDriver.java:56)
	at org.openqa.selenium.edge.EdgeDriver.<init>(EdgeDriver.java:48)
	at org.openqa.selenium.edge.EdgeDriver.<init>(EdgeDriver.java:44)
	at com.dsAlgoWebDriverManager.DriverManager.initilizedriver(DriverManager.java:58)
	at com.dsAlgoProject.Hooks.dsAlgoHooks.setUp(dsAlgoHooks.java:58)
</textarea>
      
      </div>
              </div>
              <div class="step skip-bg" title="Stepdefinitions.CommonbackgroundSteps.the_user_navigates_to_the_login_page()">
                <span>Given the user navigates to the login page</span>
      <div>Step skipped
      </div>
              </div>
              <div class="step skip-bg" title="Stepdefinitions.CommonbackgroundSteps.the_user_enters_a_valid_username_and_password()">
                <span>When the user enters a valid username and password</span>
      <div>Step skipped
      </div>
              </div>
              <div class="step skip-bg" title="Stepdefinitions.CommonbackgroundSteps.clicks_the_login_button()">
                <span>Then clicks the login button</span>
      <div>Step skipped
      </div>
              </div>
              <div class="step skip-bg" title="Stepdefinitions.CommonbackgroundSteps.the_user_is_on(java.lang.String)">
                <span>Given the user is on "linkedlistpage"</span>
      <div>Step skipped
      </div>
              </div>
              <div class="step skip-bg" title="Stepdefinitions.LinkedListSteps.the_user_selects_button(java.lang.String)">
                <span>When the user selects "Insertion" button</span>
      <div>Step skipped
      </div>
              </div>
              <div class="step skip-bg" title="Stepdefinitions.LinkedListSteps.the_user_should_land_on_the_page(java.lang.String)">
                <span>Then the user should land on the "Insertion" page</span>
      <div>Step skipped
      </div>
              </div>
          </div>
        </div>
  </div>
  <div class="card">
    <div class="card-header" role="tab">
      <div class="card-title">
        <div class="node" id="13"><span class="badge log fail-bg mr-2">Fail</span>User navigates to Creating Linked List page from linkedlistpage</div>
      </div>
    </div>
        <div class="">
          <div class="card-body">
              <div class="step fail-bg" title="BEFORE">
                <span>com.dsAlgoProject.Hooks.dsAlgoHooks.setUp(io.cucumber.java.Scenario)</span>
      <div>
        <textarea disabled class="code-block">org.openqa.selenium.SessionNotCreatedException: Could not start a new session. Response code 500. Message: session not created: Microsoft Edge failed to start: crashed.
  (session not created: DevToolsActivePort file doesn't exist)
  (The process started from msedge location C:\Program Files (x86)\Microsoft\Edge\Application\msedge.exe is no longer running, so msedgedriver is assuming that msedge has crashed.) 
Host info: host: 'NIKACHOO', ip: '192.168.0.20'
Build info: version: '4.23.1', revision: '656257d8e9'
System info: os.name: 'Windows 11', os.arch: 'amd64', os.version: '10.0', java.version: '17.0.11'
Driver info: org.openqa.selenium.edge.EdgeDriver
Command: [null, newSession {capabilities=[Capabilities {browserName: MicrosoftEdge, ms:edgeOptions: {args: [], binary: C:\Program Files (x86)\Micr..., extensions: []}}]}]
	at org.openqa.selenium.remote.ProtocolHandshake.createSession(ProtocolHandshake.java:114)
	at org.openqa.selenium.remote.ProtocolHandshake.createSession(ProtocolHandshake.java:75)
	at org.openqa.selenium.remote.ProtocolHandshake.createSession(ProtocolHandshake.java:61)
	at org.openqa.selenium.remote.HttpCommandExecutor.execute(HttpCommandExecutor.java:162)
	at org.openqa.selenium.remote.service.DriverCommandExecutor.invokeExecute(DriverCommandExecutor.java:216)
	at org.openqa.selenium.remote.service.DriverCommandExecutor.execute(DriverCommandExecutor.java:174)
	at org.openqa.selenium.remote.RemoteWebDriver.execute(RemoteWebDriver.java:545)
	at org.openqa.selenium.remote.RemoteWebDriver.startSession(RemoteWebDriver.java:245)
	at org.openqa.selenium.remote.RemoteWebDriver.<init>(RemoteWebDriver.java:174)
	at org.openqa.selenium.chromium.ChromiumDriver.<init>(ChromiumDriver.java:114)
	at org.openqa.selenium.edge.EdgeDriver.<init>(EdgeDriver.java:60)
	at org.openqa.selenium.edge.EdgeDriver.<init>(EdgeDriver.java:56)
	at org.openqa.selenium.edge.EdgeDriver.<init>(EdgeDriver.java:48)
	at org.openqa.selenium.edge.EdgeDriver.<init>(EdgeDriver.java:44)
	at com.dsAlgoWebDriverManager.DriverManager.initilizedriver(DriverManager.java:58)
	at com.dsAlgoProject.Hooks.dsAlgoHooks.setUp(dsAlgoHooks.java:58)
</textarea>
      
      </div>
              </div>
              <div class="step skip-bg" title="Stepdefinitions.CommonbackgroundSteps.the_user_navigates_to_the_login_page()">
                <span>Given the user navigates to the login page</span>
      <div>Step skipped
      </div>
              </div>
              <div class="step skip-bg" title="Stepdefinitions.CommonbackgroundSteps.the_user_enters_a_valid_username_and_password()">
                <span>When the user enters a valid username and password</span>
      <div>Step skipped
      </div>
              </div>
              <div class="step skip-bg" title="Stepdefinitions.CommonbackgroundSteps.clicks_the_login_button()">
                <span>Then clicks the login button</span>
      <div>Step skipped
      </div>
              </div>
              <div class="step skip-bg" title="Stepdefinitions.CommonbackgroundSteps.the_user_is_on(java.lang.String)">
                <span>Given the user is on "linkedlistpage"</span>
      <div>Step skipped
      </div>
              </div>
              <div class="step skip-bg" title="Stepdefinitions.LinkedListSteps.the_user_selects_button(java.lang.String)">
                <span>When the user selects "Creating Linked LIst" button</span>
      <div>Step skipped
      </div>
              </div>
              <div class="step skip-bg" title="Stepdefinitions.LinkedListSteps.the_user_should_land_on_the_page(java.lang.String)">
                <span>Then the user should land on the "Creating Linked LIst" page</span>
      <div>Step skipped
      </div>
              </div>
          </div>
        </div>
  </div>
  <div class="card">
    <div class="card-header" role="tab">
      <div class="card-title">
        <div class="node" id="14"><span class="badge log fail-bg mr-2">Fail</span>User navigates to tryEditor from Types of Linked List page</div>
      </div>
    </div>
        <div class="">
          <div class="card-body">
              <div class="step fail-bg" title="BEFORE">
                <span>com.dsAlgoProject.Hooks.dsAlgoHooks.setUp(io.cucumber.java.Scenario)</span>
      <div>
        <textarea disabled class="code-block">org.openqa.selenium.SessionNotCreatedException: Could not start a new session. Response code 500. Message: session not created: Microsoft Edge failed to start: crashed.
  (session not created: DevToolsActivePort file doesn't exist)
  (The process started from msedge location C:\Program Files (x86)\Microsoft\Edge\Application\msedge.exe is no longer running, so msedgedriver is assuming that msedge has crashed.) 
Host info: host: 'NIKACHOO', ip: '192.168.0.20'
Build info: version: '4.23.1', revision: '656257d8e9'
System info: os.name: 'Windows 11', os.arch: 'amd64', os.version: '10.0', java.version: '17.0.11'
Driver info: org.openqa.selenium.edge.EdgeDriver
Command: [null, newSession {capabilities=[Capabilities {browserName: MicrosoftEdge, ms:edgeOptions: {args: [], binary: C:\Program Files (x86)\Micr..., extensions: []}}]}]
	at org.openqa.selenium.remote.ProtocolHandshake.createSession(ProtocolHandshake.java:114)
	at org.openqa.selenium.remote.ProtocolHandshake.createSession(ProtocolHandshake.java:75)
	at org.openqa.selenium.remote.ProtocolHandshake.createSession(ProtocolHandshake.java:61)
	at org.openqa.selenium.remote.HttpCommandExecutor.execute(HttpCommandExecutor.java:162)
	at org.openqa.selenium.remote.service.DriverCommandExecutor.invokeExecute(DriverCommandExecutor.java:216)
	at org.openqa.selenium.remote.service.DriverCommandExecutor.execute(DriverCommandExecutor.java:174)
	at org.openqa.selenium.remote.RemoteWebDriver.execute(RemoteWebDriver.java:545)
	at org.openqa.selenium.remote.RemoteWebDriver.startSession(RemoteWebDriver.java:245)
	at org.openqa.selenium.remote.RemoteWebDriver.<init>(RemoteWebDriver.java:174)
	at org.openqa.selenium.chromium.ChromiumDriver.<init>(ChromiumDriver.java:114)
	at org.openqa.selenium.edge.EdgeDriver.<init>(EdgeDriver.java:60)
	at org.openqa.selenium.edge.EdgeDriver.<init>(EdgeDriver.java:56)
	at org.openqa.selenium.edge.EdgeDriver.<init>(EdgeDriver.java:48)
	at org.openqa.selenium.edge.EdgeDriver.<init>(EdgeDriver.java:44)
	at com.dsAlgoWebDriverManager.DriverManager.initilizedriver(DriverManager.java:58)
	at com.dsAlgoProject.Hooks.dsAlgoHooks.setUp(dsAlgoHooks.java:58)
</textarea>
      
      </div>
              </div>
              <div class="step skip-bg" title="Stepdefinitions.CommonbackgroundSteps.the_user_navigates_to_the_login_page()">
                <span>Given the user navigates to the login page</span>
      <div>Step skipped
      </div>
              </div>
              <div class="step skip-bg" title="Stepdefinitions.CommonbackgroundSteps.the_user_enters_a_valid_username_and_password()">
                <span>When the user enters a valid username and password</span>
      <div>Step skipped
      </div>
              </div>
              <div class="step skip-bg" title="Stepdefinitions.CommonbackgroundSteps.clicks_the_login_button()">
                <span>Then clicks the login button</span>
      <div>Step skipped
      </div>
              </div>
              <div class="step skip-bg" title="Stepdefinitions.CommonbackgroundSteps.the_user_is_on(java.lang.String)">
                <span>Given the user is on "TypesofLinkedListpage"</span>
      <div>Step skipped
      </div>
              </div>
              <div class="step skip-bg" title="Stepdefinitions.LinkedListSteps.the_user_selects_button(java.lang.String)">
                <span>When the user selects "Try Here" button</span>
      <div>Step skipped
      </div>
              </div>
              <div class="step skip-bg" title="Stepdefinitions.LinkedListSteps.the_user_should_land_on_the_page(java.lang.String)">
                <span>Then the user should land on the "Assessment" page</span>
      <div>Step skipped
      </div>
              </div>
          </div>
        </div>
  </div>
  <div class="card">
    <div class="card-header" role="tab">
      <div class="card-title">
        <div class="node" id="15"><span class="badge log fail-bg mr-2">Fail</span>User navigates to Deletion from linkedlistpage</div>
      </div>
    </div>
        <div class="">
          <div class="card-body">
              <div class="step fail-bg" title="BEFORE">
                <span>com.dsAlgoProject.Hooks.dsAlgoHooks.setUp(io.cucumber.java.Scenario)</span>
      <div>
        <textarea disabled class="code-block">org.openqa.selenium.SessionNotCreatedException: Could not start a new session. Response code 500. Message: session not created: Microsoft Edge failed to start: crashed.
  (session not created: DevToolsActivePort file doesn't exist)
  (The process started from msedge location C:\Program Files (x86)\Microsoft\Edge\Application\msedge.exe is no longer running, so msedgedriver is assuming that msedge has crashed.) 
Host info: host: 'NIKACHOO', ip: '192.168.0.20'
Build info: version: '4.23.1', revision: '656257d8e9'
System info: os.name: 'Windows 11', os.arch: 'amd64', os.version: '10.0', java.version: '17.0.11'
Driver info: org.openqa.selenium.edge.EdgeDriver
Command: [null, newSession {capabilities=[Capabilities {browserName: MicrosoftEdge, ms:edgeOptions: {args: [], binary: C:\Program Files (x86)\Micr..., extensions: []}}]}]
	at org.openqa.selenium.remote.ProtocolHandshake.createSession(ProtocolHandshake.java:114)
	at org.openqa.selenium.remote.ProtocolHandshake.createSession(ProtocolHandshake.java:75)
	at org.openqa.selenium.remote.ProtocolHandshake.createSession(ProtocolHandshake.java:61)
	at org.openqa.selenium.remote.HttpCommandExecutor.execute(HttpCommandExecutor.java:162)
	at org.openqa.selenium.remote.service.DriverCommandExecutor.invokeExecute(DriverCommandExecutor.java:216)
	at org.openqa.selenium.remote.service.DriverCommandExecutor.execute(DriverCommandExecutor.java:174)
	at org.openqa.selenium.remote.RemoteWebDriver.execute(RemoteWebDriver.java:545)
	at org.openqa.selenium.remote.RemoteWebDriver.startSession(RemoteWebDriver.java:245)
	at org.openqa.selenium.remote.RemoteWebDriver.<init>(RemoteWebDriver.java:174)
	at org.openqa.selenium.chromium.ChromiumDriver.<init>(ChromiumDriver.java:114)
	at org.openqa.selenium.edge.EdgeDriver.<init>(EdgeDriver.java:60)
	at org.openqa.selenium.edge.EdgeDriver.<init>(EdgeDriver.java:56)
	at org.openqa.selenium.edge.EdgeDriver.<init>(EdgeDriver.java:48)
	at org.openqa.selenium.edge.EdgeDriver.<init>(EdgeDriver.java:44)
	at com.dsAlgoWebDriverManager.DriverManager.initilizedriver(DriverManager.java:58)
	at com.dsAlgoProject.Hooks.dsAlgoHooks.setUp(dsAlgoHooks.java:58)
</textarea>
      
      </div>
              </div>
              <div class="step skip-bg" title="Stepdefinitions.CommonbackgroundSteps.the_user_navigates_to_the_login_page()">
                <span>Given the user navigates to the login page</span>
      <div>Step skipped
      </div>
              </div>
              <div class="step skip-bg" title="Stepdefinitions.CommonbackgroundSteps.the_user_enters_a_valid_username_and_password()">
                <span>When the user enters a valid username and password</span>
      <div>Step skipped
      </div>
              </div>
              <div class="step skip-bg" title="Stepdefinitions.CommonbackgroundSteps.clicks_the_login_button()">
                <span>Then clicks the login button</span>
      <div>Step skipped
      </div>
              </div>
              <div class="step skip-bg" title="Stepdefinitions.CommonbackgroundSteps.the_user_is_on(java.lang.String)">
                <span>Given the user is on "linkedlistpage"</span>
      <div>Step skipped
      </div>
              </div>
              <div class="step skip-bg" title="Stepdefinitions.LinkedListSteps.the_user_selects_button(java.lang.String)">
                <span>When the user selects "Deletion" button</span>
      <div>Step skipped
      </div>
              </div>
              <div class="step skip-bg" title="Stepdefinitions.LinkedListSteps.the_user_should_land_on_the_page(java.lang.String)">
                <span>Then the user should land on the "Deletion" page</span>
      <div>Step skipped
      </div>
              </div>
          </div>
        </div>
  </div>
  <div class="card">
    <div class="card-header" role="tab">
      <div class="card-title">
        <div class="node" id="23"><span class="badge log fail-bg mr-2">Fail</span>User navigates to Types of Linked List from linkedlistpage</div>
      </div>
    </div>
        <div class="">
          <div class="card-body">
              <div class="step fail-bg" title="BEFORE">
                <span>com.dsAlgoProject.Hooks.dsAlgoHooks.setUp(io.cucumber.java.Scenario)</span>
      <div>
        <textarea disabled class="code-block">org.openqa.selenium.SessionNotCreatedException: Could not start a new session. Response code 500. Message: session not created: Microsoft Edge failed to start: crashed.
  (session not created: DevToolsActivePort file doesn't exist)
  (The process started from msedge location C:\Program Files (x86)\Microsoft\Edge\Application\msedge.exe is no longer running, so msedgedriver is assuming that msedge has crashed.) 
Host info: host: 'NIKACHOO', ip: '192.168.0.20'
Build info: version: '4.23.1', revision: '656257d8e9'
System info: os.name: 'Windows 11', os.arch: 'amd64', os.version: '10.0', java.version: '17.0.11'
Driver info: org.openqa.selenium.edge.EdgeDriver
Command: [null, newSession {capabilities=[Capabilities {browserName: MicrosoftEdge, ms:edgeOptions: {args: [], binary: C:\Program Files (x86)\Micr..., extensions: []}}]}]
	at org.openqa.selenium.remote.ProtocolHandshake.createSession(ProtocolHandshake.java:114)
	at org.openqa.selenium.remote.ProtocolHandshake.createSession(ProtocolHandshake.java:75)
	at org.openqa.selenium.remote.ProtocolHandshake.createSession(ProtocolHandshake.java:61)
	at org.openqa.selenium.remote.HttpCommandExecutor.execute(HttpCommandExecutor.java:162)
	at org.openqa.selenium.remote.service.DriverCommandExecutor.invokeExecute(DriverCommandExecutor.java:216)
	at org.openqa.selenium.remote.service.DriverCommandExecutor.execute(DriverCommandExecutor.java:174)
	at org.openqa.selenium.remote.RemoteWebDriver.execute(RemoteWebDriver.java:545)
	at org.openqa.selenium.remote.RemoteWebDriver.startSession(RemoteWebDriver.java:245)
	at org.openqa.selenium.remote.RemoteWebDriver.<init>(RemoteWebDriver.java:174)
	at org.openqa.selenium.chromium.ChromiumDriver.<init>(ChromiumDriver.java:114)
	at org.openqa.selenium.edge.EdgeDriver.<init>(EdgeDriver.java:60)
	at org.openqa.selenium.edge.EdgeDriver.<init>(EdgeDriver.java:56)
	at org.openqa.selenium.edge.EdgeDriver.<init>(EdgeDriver.java:48)
	at org.openqa.selenium.edge.EdgeDriver.<init>(EdgeDriver.java:44)
	at com.dsAlgoWebDriverManager.DriverManager.initilizedriver(DriverManager.java:58)
	at com.dsAlgoProject.Hooks.dsAlgoHooks.setUp(dsAlgoHooks.java:58)
</textarea>
      
      </div>
              </div>
              <div class="step skip-bg" title="Stepdefinitions.CommonbackgroundSteps.the_user_navigates_to_the_login_page()">
                <span>Given the user navigates to the login page</span>
      <div>Step skipped
      </div>
              </div>
              <div class="step skip-bg" title="Stepdefinitions.CommonbackgroundSteps.the_user_enters_a_valid_username_and_password()">
                <span>When the user enters a valid username and password</span>
      <div>Step skipped
      </div>
              </div>
              <div class="step skip-bg" title="Stepdefinitions.CommonbackgroundSteps.clicks_the_login_button()">
                <span>Then clicks the login button</span>
      <div>Step skipped
      </div>
              </div>
              <div class="step skip-bg" title="Stepdefinitions.CommonbackgroundSteps.the_user_is_on(java.lang.String)">
                <span>Given the user is on "linkedlistpage"</span>
      <div>Step skipped
      </div>
              </div>
              <div class="step skip-bg" title="Stepdefinitions.LinkedListSteps.the_user_selects_button(java.lang.String)">
                <span>When the user selects "Types of Linked List" button</span>
      <div>Step skipped
      </div>
              </div>
              <div class="step skip-bg" title="Stepdefinitions.LinkedListSteps.the_user_should_land_on_the_page(java.lang.String)">
                <span>Then the user should land on the "Types of Linked List" page</span>
      <div>Step skipped
      </div>
              </div>
          </div>
        </div>
  </div>
</div>
          </div>
        </li>
        <li class="test-item"  status="fail" test-id="242"
          author=""
          tag=""
          device="">
          <div class="test-detail">
            <p class="name">Linked List Navigation and Interaction</p>
            <p class="text-sm">
              <span>11:56:47 AM</span> / <span>00:07:14:574</span>
              <span class="badge fail-bg log float-right">Fail</span>
            </p>
          </div>
          <div class="test-contents d-none">
<div class="detail-head">
<div class="p-v-10">
<div class="info">
<h5 class="test-status text-fail">Linked List Navigation and Interaction</h5>
<span class='badge badge-success'>08.23.2024 11:56:47 AM</span>
<span class='badge badge-danger'>08.23.2024 12:04:02 PM</span>
<span class='badge badge-default'>00:07:14:574</span>
&middot; <span class='uri-anchor badge badge-default'>#test-id=242</span>
<span title='Skip to the next failed step' class='badge badge-danger pointer float-right ne ml-1'><i class="fa fa-fast-forward"></i></span>
<span title='Collapse all nodes' class='badge badge-default pointer float-right ct ml-1'><i class="fa fa-compress"></i></span>
<span title='Expand all nodes' class='badge badge-default pointer float-right et'><i class="fa fa-expand"></i></span>
</div>
<div class="m-t-10 m-l-5"></div>
</div>
</div>
<div class="accordion mt-4">
  <div class="card">
    <div class="card-header" role="tab">
      <div class="card-title">
        <div class="node" id="243"><span class="badge log pass-bg mr-2">Pass</span>User navigates to Types of Linked List from linkedlistpage</div>
      </div>
    </div>
        <div class="collapse">
          <div class="card-body">
              <div class="step pass-bg" title="Stepdefinitions.CommonbackgroundSteps.the_user_navigates_to_the_login_page()">
                <span>Given the user navigates to the login page</span>
      <div>
      </div>
              </div>
              <div class="step pass-bg" title="Stepdefinitions.CommonbackgroundSteps.the_user_enters_a_valid_username_and_password()">
                <span>When the user enters a valid username and password</span>
      <div>
      </div>
              </div>
              <div class="step pass-bg" title="Stepdefinitions.CommonbackgroundSteps.clicks_the_login_button()">
                <span>Then clicks the login button</span>
      <div>
      </div>
              </div>
              <div class="step pass-bg" title="Stepdefinitions.CommonbackgroundSteps.the_user_is_on(java.lang.String)">
                <span>Given the user is on "linkedlistpage"</span>
      <div>
      </div>
              </div>
              <div class="step pass-bg" title="Stepdefinitions.LinkedListSteps.the_user_selects_button(java.lang.String)">
                <span>When the user selects "Types of Linked List" button</span>
      <div>
      </div>
              </div>
              <div class="step pass-bg" title="Stepdefinitions.LinkedListSteps.the_user_should_land_on_the_page(java.lang.String)">
                <span>Then the user should land on the "Types of Linked List" page</span>
      <div>
      </div>
              </div>
          </div>
        </div>
  </div>
  <div class="card">
    <div class="card-header" role="tab">
      <div class="card-title">
        <div class="node" id="244"><span class="badge log pass-bg mr-2">Pass</span>User navigates to tryEditor from ImplementLinkedListinPythonpage</div>
      </div>
    </div>
        <div class="collapse">
          <div class="card-body">
              <div class="step pass-bg" title="Stepdefinitions.CommonbackgroundSteps.the_user_navigates_to_the_login_page()">
                <span>Given the user navigates to the login page</span>
      <div>
      </div>
              </div>
              <div class="step pass-bg" title="Stepdefinitions.CommonbackgroundSteps.the_user_enters_a_valid_username_and_password()">
                <span>When the user enters a valid username and password</span>
      <div>
      </div>
              </div>
              <div class="step pass-bg" title="Stepdefinitions.CommonbackgroundSteps.clicks_the_login_button()">
                <span>Then clicks the login button</span>
      <div>
      </div>
              </div>
              <div class="step pass-bg" title="Stepdefinitions.CommonbackgroundSteps.the_user_is_on(java.lang.String)">
                <span>Given the user is on "ImplementLinkedListinPythonpage"</span>
      <div>
      </div>
              </div>
              <div class="step pass-bg" title="Stepdefinitions.LinkedListSteps.the_user_selects_button(java.lang.String)">
                <span>When the user selects "Try Here" button</span>
      <div>
      </div>
              </div>
              <div class="step pass-bg" title="Stepdefinitions.LinkedListSteps.the_user_should_land_on_the_page(java.lang.String)">
                <span>Then the user should land on the "Assessment" page</span>
      <div>
      </div>
              </div>
          </div>
        </div>
  </div>
  <div class="card">
    <div class="card-header" role="tab">
      <div class="card-title">
        <div class="node" id="246"><span class="badge log pass-bg mr-2">Pass</span>User navigates to tryEditor from Introductionpage</div>
      </div>
    </div>
        <div class="collapse">
          <div class="card-body">
              <div class="step pass-bg" title="Stepdefinitions.CommonbackgroundSteps.the_user_navigates_to_the_login_page()">
                <span>Given the user navigates to the login page</span>
      <div>
      </div>
              </div>
              <div class="step pass-bg" title="Stepdefinitions.CommonbackgroundSteps.the_user_enters_a_valid_username_and_password()">
                <span>When the user enters a valid username and password</span>
      <div>
      </div>
              </div>
              <div class="step pass-bg" title="Stepdefinitions.CommonbackgroundSteps.clicks_the_login_button()">
                <span>Then clicks the login button</span>
      <div>
      </div>
              </div>
              <div class="step pass-bg" title="Stepdefinitions.CommonbackgroundSteps.the_user_is_on(java.lang.String)">
                <span>Given the user is on "Introductionpage"</span>
      <div>
      </div>
              </div>
              <div class="step pass-bg" title="Stepdefinitions.LinkedListSteps.the_user_selects_button(java.lang.String)">
                <span>When the user selects "Try Here" button</span>
      <div>
      </div>
              </div>
              <div class="step pass-bg" title="Stepdefinitions.LinkedListSteps.the_user_should_land_on_the_page(java.lang.String)">
                <span>Then the user should land on the "Assessment" page</span>
      <div>
      </div>
              </div>
          </div>
        </div>
  </div>
  <div class="card">
    <div class="card-header" role="tab">
      <div class="card-title">
        <div class="node" id="252"><span class="badge log pass-bg mr-2">Pass</span>User navigates to tryEditor from Traversalpage</div>
      </div>
    </div>
        <div class="collapse">
          <div class="card-body">
              <div class="step pass-bg" title="Stepdefinitions.CommonbackgroundSteps.the_user_navigates_to_the_login_page()">
                <span>Given the user navigates to the login page</span>
      <div>
      </div>
              </div>
              <div class="step pass-bg" title="Stepdefinitions.CommonbackgroundSteps.the_user_enters_a_valid_username_and_password()">
                <span>When the user enters a valid username and password</span>
      <div>
      </div>
              </div>
              <div class="step pass-bg" title="Stepdefinitions.CommonbackgroundSteps.clicks_the_login_button()">
                <span>Then clicks the login button</span>
      <div>
      </div>
              </div>
              <div class="step pass-bg" title="Stepdefinitions.CommonbackgroundSteps.the_user_is_on(java.lang.String)">
                <span>Given the user is on "Traversalpage"</span>
      <div>
      </div>
              </div>
              <div class="step pass-bg" title="Stepdefinitions.LinkedListSteps.the_user_selects_button(java.lang.String)">
                <span>When the user selects "Try Here" button</span>
      <div>
      </div>
              </div>
              <div class="step pass-bg" title="Stepdefinitions.LinkedListSteps.the_user_should_land_on_the_page(java.lang.String)">
                <span>Then the user should land on the "Assessment" page</span>
      <div>
      </div>
              </div>
          </div>
        </div>
  </div>
  <div class="card">
    <div class="card-header" role="tab">
      <div class="card-title">
        <div class="node" id="255"><span class="badge log pass-bg mr-2">Pass</span>User navigates to Creating Linked List page from linkedlistpage</div>
      </div>
    </div>
        <div class="collapse">
          <div class="card-body">
              <div class="step pass-bg" title="Stepdefinitions.CommonbackgroundSteps.the_user_navigates_to_the_login_page()">
                <span>Given the user navigates to the login page</span>
      <div>
      </div>
              </div>
              <div class="step pass-bg" title="Stepdefinitions.CommonbackgroundSteps.the_user_enters_a_valid_username_and_password()">
                <span>When the user enters a valid username and password</span>
      <div>
      </div>
              </div>
              <div class="step pass-bg" title="Stepdefinitions.CommonbackgroundSteps.clicks_the_login_button()">
                <span>Then clicks the login button</span>
      <div>
      </div>
              </div>
              <div class="step pass-bg" title="Stepdefinitions.CommonbackgroundSteps.the_user_is_on(java.lang.String)">
                <span>Given the user is on "linkedlistpage"</span>
      <div>
      </div>
              </div>
              <div class="step pass-bg" title="Stepdefinitions.LinkedListSteps.the_user_selects_button(java.lang.String)">
                <span>When the user selects "Creating Linked LIst" button</span>
      <div>
      </div>
              </div>
              <div class="step pass-bg" title="Stepdefinitions.LinkedListSteps.the_user_should_land_on_the_page(java.lang.String)">
                <span>Then the user should land on the "Creating Linked LIst" page</span>
      <div>
      </div>
              </div>
          </div>
        </div>
  </div>
  <div class="card">
    <div class="card-header" role="tab">
      <div class="card-title">
        <div class="node" id="256"><span class="badge log pass-bg mr-2">Pass</span>User navigates to Introduction from linkedlistpage</div>
      </div>
    </div>
        <div class="collapse">
          <div class="card-body">
              <div class="step pass-bg" title="Stepdefinitions.CommonbackgroundSteps.the_user_navigates_to_the_login_page()">
                <span>Given the user navigates to the login page</span>
      <div>
      </div>
              </div>
              <div class="step pass-bg" title="Stepdefinitions.CommonbackgroundSteps.the_user_enters_a_valid_username_and_password()">
                <span>When the user enters a valid username and password</span>
      <div>
      </div>
              </div>
              <div class="step pass-bg" title="Stepdefinitions.CommonbackgroundSteps.clicks_the_login_button()">
                <span>Then clicks the login button</span>
      <div>
      </div>
              </div>
              <div class="step pass-bg" title="Stepdefinitions.CommonbackgroundSteps.the_user_is_on(java.lang.String)">
                <span>Given the user is on "linkedlistpage"</span>
      <div>
      </div>
              </div>
              <div class="step pass-bg" title="Stepdefinitions.LinkedListSteps.the_user_selects_button(java.lang.String)">
                <span>When the user selects "Introduction" button</span>
      <div>
      </div>
              </div>
              <div class="step pass-bg" title="Stepdefinitions.LinkedListSteps.the_user_should_land_on_the_page(java.lang.String)">
                <span>Then the user should land on the "Introduction" page</span>
      <div>
      </div>
              </div>
          </div>
        </div>
  </div>
  <div class="card">
    <div class="card-header" role="tab">
      <div class="card-title">
        <div class="node" id="259"><span class="badge log pass-bg mr-2">Pass</span>User navigates to tryEditor from Creating Linked LIst page</div>
      </div>
    </div>
        <div class="collapse">
          <div class="card-body">
              <div class="step pass-bg" title="Stepdefinitions.CommonbackgroundSteps.the_user_navigates_to_the_login_page()">
                <span>Given the user navigates to the login page</span>
      <div>
      </div>
              </div>
              <div class="step pass-bg" title="Stepdefinitions.CommonbackgroundSteps.the_user_enters_a_valid_username_and_password()">
                <span>When the user enters a valid username and password</span>
      <div>
      </div>
              </div>
              <div class="step pass-bg" title="Stepdefinitions.CommonbackgroundSteps.clicks_the_login_button()">
                <span>Then clicks the login button</span>
      <div>
      </div>
              </div>
              <div class="step pass-bg" title="Stepdefinitions.CommonbackgroundSteps.the_user_is_on(java.lang.String)">
                <span>Given the user is on "CreatingLinkedLIstpage"</span>
      <div>
      </div>
              </div>
              <div class="step pass-bg" title="Stepdefinitions.LinkedListSteps.the_user_selects_button(java.lang.String)">
                <span>When the user selects "Try Here" button</span>
      <div>
      </div>
              </div>
              <div class="step pass-bg" title="Stepdefinitions.LinkedListSteps.the_user_should_land_on_the_page(java.lang.String)">
                <span>Then the user should land on the "Assessment" page</span>
      <div>
      </div>
              </div>
          </div>
        </div>
  </div>
  <div class="card">
    <div class="card-header" role="tab">
      <div class="card-title">
        <div class="node" id="264"><span class="badge log pass-bg mr-2">Pass</span>User navigates to Traversal from linkedlistpage</div>
      </div>
    </div>
        <div class="collapse">
          <div class="card-body">
              <div class="step pass-bg" title="Stepdefinitions.CommonbackgroundSteps.the_user_navigates_to_the_login_page()">
                <span>Given the user navigates to the login page</span>
      <div>
      </div>
              </div>
              <div class="step pass-bg" title="Stepdefinitions.CommonbackgroundSteps.the_user_enters_a_valid_username_and_password()">
                <span>When the user enters a valid username and password</span>
      <div>
      </div>
              </div>
              <div class="step pass-bg" title="Stepdefinitions.CommonbackgroundSteps.clicks_the_login_button()">
                <span>Then clicks the login button</span>
      <div>
      </div>
              </div>
              <div class="step pass-bg" title="Stepdefinitions.CommonbackgroundSteps.the_user_is_on(java.lang.String)">
                <span>Given the user is on "linkedlistpage"</span>
      <div>
      </div>
              </div>
              <div class="step pass-bg" title="Stepdefinitions.LinkedListSteps.the_user_selects_button(java.lang.String)">
                <span>When the user selects "Traversal" button</span>
      <div>
      </div>
              </div>
              <div class="step pass-bg" title="Stepdefinitions.LinkedListSteps.the_user_should_land_on_the_page(java.lang.String)">
                <span>Then the user should land on the "Traversal" page</span>
      <div>
      </div>
              </div>
          </div>
        </div>
  </div>
  <div class="card">
    <div class="card-header" role="tab">
      <div class="card-title">
        <div class="node" id="267"><span class="badge log pass-bg mr-2">Pass</span>User navigates to Practice Questions from linkedlistpage</div>
      </div>
    </div>
        <div class="collapse">
          <div class="card-body">
              <div class="step pass-bg" title="Stepdefinitions.CommonbackgroundSteps.the_user_navigates_to_the_login_page()">
                <span>Given the user navigates to the login page</span>
      <div>
      </div>
              </div>
              <div class="step pass-bg" title="Stepdefinitions.CommonbackgroundSteps.the_user_enters_a_valid_username_and_password()">
                <span>When the user enters a valid username and password</span>
      <div>
      </div>
              </div>
              <div class="step pass-bg" title="Stepdefinitions.CommonbackgroundSteps.clicks_the_login_button()">
                <span>Then clicks the login button</span>
      <div>
      </div>
              </div>
              <div class="step pass-bg" title="Stepdefinitions.CommonbackgroundSteps.the_user_is_on(java.lang.String)">
                <span>Given the user is on "Deletionpage"</span>
      <div>
      </div>
              </div>
              <div class="step pass-bg" title="Stepdefinitions.LinkedListSteps.the_user_selects_button(java.lang.String)">
                <span>When the user selects "Practice Questions" button</span>
      <div>
      </div>
              </div>
              <div class="step pass-bg" title="Stepdefinitions.LinkedListSteps.the_user_should_land_on_the_page(java.lang.String)">
                <span>Then the user should land on the "Practice Questions" page</span>
      <div>
      </div>
              </div>
          </div>
        </div>
  </div>
  <div class="card">
    <div class="card-header" role="tab">
      <div class="card-title">
        <div class="node" id="268"><span class="badge log fail-bg mr-2">Fail</span>User navigates to Implement Linked List in Python from linkedlistpage</div>
          <div class="status-avatar float-right mr-4">
            <i class="fa fa-paperclip"></i>
          </div>
      </div>
    </div>
        <div class="">
          <div class="card-body">
              <div class="step pass-bg" title="Stepdefinitions.CommonbackgroundSteps.the_user_navigates_to_the_login_page()">
                <span>Given the user navigates to the login page</span>
      <div>
      </div>
              </div>
              <div class="step pass-bg" title="Stepdefinitions.CommonbackgroundSteps.the_user_enters_a_valid_username_and_password()">
                <span>When the user enters a valid username and password</span>
      <div>
      </div>
              </div>
              <div class="step pass-bg" title="Stepdefinitions.CommonbackgroundSteps.clicks_the_login_button()">
                <span>Then clicks the login button</span>
      <div>
      </div>
              </div>
              <div class="step pass-bg" title="Stepdefinitions.CommonbackgroundSteps.the_user_is_on(java.lang.String)">
                <span>Given the user is on "linkedlistpage"</span>
      <div>
      </div>
              </div>
              <div class="step fail-bg" title="Stepdefinitions.LinkedListSteps.the_user_selects_button(java.lang.String)">
                <span>When the user selects "Implement Linked List in Python" button</span>
      <div>
        <textarea disabled class="code-block">org.openqa.selenium.TimeoutException: java.util.concurrent.TimeoutException
Build info: version: '4.23.1', revision: '656257d8e9'
System info: os.name: 'Windows 11', os.arch: 'amd64', os.version: '10.0', java.version: '17.0.11'
Driver info: org.openqa.selenium.chrome.ChromeDriver
Command: [6b502ef65fa008993f13c5c2b064081d, findElement {using=xpath, value=//a[text()='Implement Linked List in Python']}]
Capabilities {acceptInsecureCerts: false, browserName: chrome, browserVersion: 128.0.6613.85, chrome: {chromedriverVersion: 128.0.6613.84 (606aa55c7d68..., userDataDir: C:\WINDOWS\SystemTemp\scope...}, fedcm:accounts: true, goog:chromeOptions: {debuggerAddress: localhost:53746}, networkConnectionEnabled: false, pageLoadStrategy: normal, platformName: windows, proxy: Proxy(), se:cdp: ws://localhost:53746/devtoo..., se:cdpVersion: 128.0.6613.85, setWindowRect: true, strictFileInteractability: false, timeouts: {implicit: 0, pageLoad: 300000, script: 30000}, unhandledPromptBehavior: dismiss and notify, webauthn:extension:credBlob: true, webauthn:extension:largeBlob: true, webauthn:extension:minPinLength: true, webauthn:extension:prf: true, webauthn:virtualAuthenticators: true}
Session ID: 6b502ef65fa008993f13c5c2b064081d
	at org.openqa.selenium.remote.http.jdk.JdkHttpClient.execute0(JdkHttpClient.java:418)
	at org.openqa.selenium.remote.http.AddSeleniumUserAgent.lambda$apply$0(AddSeleniumUserAgent.java:42)
	at org.openqa.selenium.remote.http.Filter.lambda$andFinally$1(Filter.java:55)
	at org.openqa.selenium.remote.http.jdk.JdkHttpClient.execute(JdkHttpClient.java:374)
	at org.openqa.selenium.remote.HttpCommandExecutor.execute(HttpCommandExecutor.java:187)
	at org.openqa.selenium.remote.service.DriverCommandExecutor.invokeExecute(DriverCommandExecutor.java:216)
	at org.openqa.selenium.remote.service.DriverCommandExecutor.execute(DriverCommandExecutor.java:174)
	at org.openqa.selenium.remote.RemoteWebDriver.execute(RemoteWebDriver.java:545)
	at org.openqa.selenium.remote.ElementLocation$ElementFinder$2.findElement(ElementLocation.java:165)
	at org.openqa.selenium.remote.ElementLocation.findElement(ElementLocation.java:59)
	at org.openqa.selenium.remote.RemoteWebDriver.findElement(RemoteWebDriver.java:368)
	at org.openqa.selenium.remote.RemoteWebDriver.findElement(RemoteWebDriver.java:362)
	at org.openqa.selenium.support.pagefactory.DefaultElementLocator.findElement(DefaultElementLocator.java:68)
	at org.openqa.selenium.support.pagefactory.internal.LocatingElementHandler.invoke(LocatingElementHandler.java:38)
	at jdk.proxy2/jdk.proxy2.$Proxy31.click(Unknown Source)
	at PageFactory.LinkedListPage.selectonlink(LinkedListPage.java:61)
	at Stepdefinitions.LinkedListSteps.the_user_selects_button(LinkedListSteps.java:38)
	at ?.the user selects "Implement Linked List in Python" button(file:///C:/Workspace2/NewWorkSpace/CucumberFrameworkk/src/test/resources/Features/LinkedList.feature:41)
Caused by: java.util.concurrent.TimeoutException
	at java.base/java.util.concurrent.CompletableFuture.timedGet(CompletableFuture.java:1960)
	at java.base/java.util.concurrent.CompletableFuture.get(CompletableFuture.java:2095)
	at org.openqa.selenium.remote.http.jdk.JdkHttpClient.execute0(JdkHttpClient.java:401)
	at org.openqa.selenium.remote.http.AddSeleniumUserAgent.lambda$apply$0(AddSeleniumUserAgent.java:42)
	at org.openqa.selenium.remote.http.Filter.lambda$andFinally$1(Filter.java:55)
	at org.openqa.selenium.remote.http.jdk.JdkHttpClient.execute(JdkHttpClient.java:374)
	at org.openqa.selenium.remote.HttpCommandExecutor.execute(HttpCommandExecutor.java:187)
	at org.openqa.selenium.remote.service.DriverCommandExecutor.invokeExecute(DriverCommandExecutor.java:216)
	at org.openqa.selenium.remote.service.DriverCommandExecutor.execute(DriverCommandExecutor.java:174)
	at org.openqa.selenium.remote.RemoteWebDriver.execute(RemoteWebDriver.java:545)
	at org.openqa.selenium.remote.ElementLocation$ElementFinder$2.findElement(ElementLocation.java:165)
	at org.openqa.selenium.remote.ElementLocation.findElement(ElementLocation.java:59)
	at org.openqa.selenium.remote.RemoteWebDriver.findElement(RemoteWebDriver.java:368)
	at org.openqa.selenium.remote.RemoteWebDriver.findElement(RemoteWebDriver.java:362)
	at org.openqa.selenium.support.pagefactory.DefaultElementLocator.findElement(DefaultElementLocator.java:68)
	at org.openqa.selenium.support.pagefactory.internal.LocatingElementHandler.invoke(LocatingElementHandler.java:38)
	at jdk.proxy2/jdk.proxy2.$Proxy31.click(Unknown Source)
	at PageFactory.LinkedListPage.selectonlink(LinkedListPage.java:61)
	at Stepdefinitions.LinkedListSteps.the_user_selects_button(LinkedListSteps.java:38)
	at java.base/jdk.internal.reflect.NativeMethodAccessorImpl.invoke0(Native Method)
	at java.base/jdk.internal.reflect.NativeMethodAccessorImpl.invoke(NativeMethodAccessorImpl.java:77)
	at java.base/jdk.internal.reflect.DelegatingMethodAccessorImpl.invoke(DelegatingMethodAccessorImpl.java:43)
	at java.base/java.lang.reflect.Method.invoke(Method.java:568)
	at io.cucumber.java.Invoker.doInvoke(Invoker.java:66)
	at io.cucumber.java.Invoker.invoke(Invoker.java:24)
	at io.cucumber.java.AbstractGlueDefinition.invokeMethod(AbstractGlueDefinition.java:47)
	at io.cucumber.java.JavaStepDefinition.execute(JavaStepDefinition.java:29)
	at io.cucumber.core.runner.CoreStepDefinition.execute(CoreStepDefinition.java:66)
	at io.cucumber.core.runner.PickleStepDefinitionMatch.runStep(PickleStepDefinitionMatch.java:63)
	at io.cucumber.core.runner.ExecutionMode$1.execute(ExecutionMode.java:10)
	at io.cucumber.core.runner.TestStep.executeStep(TestStep.java:81)
	at io.cucumber.core.runner.TestStep.run(TestStep.java:53)
	at io.cucumber.core.runner.PickleStepTestStep.run(PickleStepTestStep.java:51)
	at io.cucumber.core.runner.TestCase.run(TestCase.java:84)
	at io.cucumber.core.runner.Runner.runPickle(Runner.java:75)
	at io.cucumber.testng.TestNGCucumberRunner.lambda$runScenario$1(TestNGCucumberRunner.java:132)
	at io.cucumber.core.runtime.CucumberExecutionContext.lambda$runTestCase$5(CucumberExecutionContext.java:136)
	at io.cucumber.core.runtime.RethrowingThrowableCollector.executeAndThrow(RethrowingThrowableCollector.java:23)
	at io.cucumber.core.runtime.CucumberExecutionContext.runTestCase(CucumberExecutionContext.java:136)
	at io.cucumber.testng.TestNGCucumberRunner.runScenario(TestNGCucumberRunner.java:129)
	at io.cucumber.testng.AbstractTestNGCucumberTests.runScenario(AbstractTestNGCucumberTests.java:35)
	at java.base/jdk.internal.reflect.NativeMethodAccessorImpl.invoke0(Native Method)
	at java.base/jdk.internal.reflect.NativeMethodAccessorImpl.invoke(NativeMethodAccessorImpl.java:77)
	at java.base/jdk.internal.reflect.DelegatingMethodAccessorImpl.invoke(DelegatingMethodAccessorImpl.java:43)
	at java.base/java.lang.reflect.Method.invoke(Method.java:568)
	at org.testng.internal.invokers.MethodInvocationHelper.invokeMethod(MethodInvocationHelper.java:141)
	at org.testng.internal.invokers.TestInvoker.invokeMethod(TestInvoker.java:686)
	at org.testng.internal.invokers.TestInvoker.invokeTestMethod(TestInvoker.java:230)
	at org.testng.internal.invokers.TestMethodWithDataProviderMethodWorker.call(TestMethodWithDataProviderMethodWorker.java:81)
	at org.testng.internal.thread.Async$AsyncTask.run(Async.java:34)
	at java.base/java.util.concurrent.ThreadPoolExecutor.runWorker(ThreadPoolExecutor.java:1136)
	at java.base/java.util.concurrent.ThreadPoolExecutor$Worker.run(ThreadPoolExecutor.java:635)
	at java.base/java.lang.Thread.run(Thread.java:842)
</textarea>
      
      </div>
              </div>
              <div class="step pass-bg" title="AFTER_STEP">
                <span>com.dsAlgoProject.Hooks.dsAlgoHooks.afterStep(io.cucumber.java.Scenario)</span>
      <div>User_navigates_to_Implement_Linked_List_in_Python_from_linkedlistpage
          <div class="row mb-3"><div class="col-md-3">
    

<img data-featherlight='../embedded3.png' src="../embedded3.png">
  
    

    </div></div>
</div>
      <div>
      </div>
              </div>
              <div class="step skip-bg" title="Stepdefinitions.LinkedListSteps.the_user_should_land_on_the_page(java.lang.String)">
                <span>Then the user should land on the "Implement Linked List in Python" page</span>
      <div>Step skipped
      </div>
              </div>
          </div>
        </div>
  </div>
  <div class="card">
    <div class="card-header" role="tab">
      <div class="card-title">
        <div class="node" id="271"><span class="badge log fail-bg mr-2">Fail</span>User navigates to tryEditor from Insertionpage</div>
          <div class="status-avatar float-right mr-4">
            <i class="fa fa-paperclip"></i>
          </div>
      </div>
    </div>
        <div class="">
          <div class="card-body">
              <div class="step pass-bg" title="Stepdefinitions.CommonbackgroundSteps.the_user_navigates_to_the_login_page()">
                <span>Given the user navigates to the login page</span>
      <div>
      </div>
              </div>
              <div class="step fail-bg" title="Stepdefinitions.CommonbackgroundSteps.the_user_enters_a_valid_username_and_password()">
                <span>When the user enters a valid username and password</span>
      <div>
        <textarea disabled class="code-block">org.openqa.selenium.TimeoutException: java.util.concurrent.TimeoutException
Build info: version: '4.23.1', revision: '656257d8e9'
System info: os.name: 'Windows 11', os.arch: 'amd64', os.version: '10.0', java.version: '17.0.11'
Driver info: org.openqa.selenium.chrome.ChromeDriver
Command: [f8fbab0012775803c24534431816ca75, findElement {using=xpath, value=//input[@name='username']}]
Capabilities {acceptInsecureCerts: false, browserName: chrome, browserVersion: 128.0.6613.85, chrome: {chromedriverVersion: 128.0.6613.84 (606aa55c7d68..., userDataDir: C:\WINDOWS\SystemTemp\scope...}, fedcm:accounts: true, goog:chromeOptions: {debuggerAddress: localhost:53728}, networkConnectionEnabled: false, pageLoadStrategy: normal, platformName: windows, proxy: Proxy(), se:cdp: ws://localhost:53728/devtoo..., se:cdpVersion: 128.0.6613.85, setWindowRect: true, strictFileInteractability: false, timeouts: {implicit: 0, pageLoad: 300000, script: 30000}, unhandledPromptBehavior: dismiss and notify, webauthn:extension:credBlob: true, webauthn:extension:largeBlob: true, webauthn:extension:minPinLength: true, webauthn:extension:prf: true, webauthn:virtualAuthenticators: true}
Session ID: f8fbab0012775803c24534431816ca75
	at org.openqa.selenium.remote.http.jdk.JdkHttpClient.execute0(JdkHttpClient.java:418)
	at org.openqa.selenium.remote.http.AddSeleniumUserAgent.lambda$apply$0(AddSeleniumUserAgent.java:42)
	at org.openqa.selenium.remote.http.Filter.lambda$andFinally$1(Filter.java:55)
	at org.openqa.selenium.remote.http.jdk.JdkHttpClient.execute(JdkHttpClient.java:374)
	at org.openqa.selenium.remote.HttpCommandExecutor.execute(HttpCommandExecutor.java:187)
	at org.openqa.selenium.remote.service.DriverCommandExecutor.invokeExecute(DriverCommandExecutor.java:216)
	at org.openqa.selenium.remote.service.DriverCommandExecutor.execute(DriverCommandExecutor.java:174)
	at org.openqa.selenium.remote.RemoteWebDriver.execute(RemoteWebDriver.java:545)
	at org.openqa.selenium.remote.ElementLocation$ElementFinder$2.findElement(ElementLocation.java:165)
	at org.openqa.selenium.remote.ElementLocation.findElement(ElementLocation.java:59)
	at org.openqa.selenium.remote.RemoteWebDriver.findElement(RemoteWebDriver.java:368)
	at org.openqa.selenium.remote.RemoteWebDriver.findElement(RemoteWebDriver.java:362)
	at org.openqa.selenium.support.pagefactory.DefaultElementLocator.findElement(DefaultElementLocator.java:68)
	at org.openqa.selenium.support.pagefactory.internal.LocatingElementHandler.invoke(LocatingElementHandler.java:38)
	at jdk.proxy2/jdk.proxy2.$Proxy31.sendKeys(Unknown Source)
	at PageFactory.loginpage.enterusername(loginpage.java:82)
	at Stepdefinitions.CommonbackgroundSteps.the_user_enters_a_valid_username_and_password(CommonbackgroundSteps.java:41)
	at ?.the user enters a valid username and password(file:///C:/Workspace2/NewWorkSpace/CucumberFrameworkk/src/test/resources/Features/LinkedList.feature:6)
Caused by: java.util.concurrent.TimeoutException
	at java.base/java.util.concurrent.CompletableFuture.timedGet(CompletableFuture.java:1960)
	at java.base/java.util.concurrent.CompletableFuture.get(CompletableFuture.java:2095)
	at org.openqa.selenium.remote.http.jdk.JdkHttpClient.execute0(JdkHttpClient.java:401)
	at org.openqa.selenium.remote.http.AddSeleniumUserAgent.lambda$apply$0(AddSeleniumUserAgent.java:42)
	at org.openqa.selenium.remote.http.Filter.lambda$andFinally$1(Filter.java:55)
	at org.openqa.selenium.remote.http.jdk.JdkHttpClient.execute(JdkHttpClient.java:374)
	at org.openqa.selenium.remote.HttpCommandExecutor.execute(HttpCommandExecutor.java:187)
	at org.openqa.selenium.remote.service.DriverCommandExecutor.invokeExecute(DriverCommandExecutor.java:216)
	at org.openqa.selenium.remote.service.DriverCommandExecutor.execute(DriverCommandExecutor.java:174)
	at org.openqa.selenium.remote.RemoteWebDriver.execute(RemoteWebDriver.java:545)
	at org.openqa.selenium.remote.ElementLocation$ElementFinder$2.findElement(ElementLocation.java:165)
	at org.openqa.selenium.remote.ElementLocation.findElement(ElementLocation.java:59)
	at org.openqa.selenium.remote.RemoteWebDriver.findElement(RemoteWebDriver.java:368)
	at org.openqa.selenium.remote.RemoteWebDriver.findElement(RemoteWebDriver.java:362)
	at org.openqa.selenium.support.pagefactory.DefaultElementLocator.findElement(DefaultElementLocator.java:68)
	at org.openqa.selenium.support.pagefactory.internal.LocatingElementHandler.invoke(LocatingElementHandler.java:38)
	at jdk.proxy2/jdk.proxy2.$Proxy31.sendKeys(Unknown Source)
	at PageFactory.loginpage.enterusername(loginpage.java:82)
	at Stepdefinitions.CommonbackgroundSteps.the_user_enters_a_valid_username_and_password(CommonbackgroundSteps.java:41)
	at java.base/jdk.internal.reflect.NativeMethodAccessorImpl.invoke0(Native Method)
	at java.base/jdk.internal.reflect.NativeMethodAccessorImpl.invoke(NativeMethodAccessorImpl.java:77)
	at java.base/jdk.internal.reflect.DelegatingMethodAccessorImpl.invoke(DelegatingMethodAccessorImpl.java:43)
	at java.base/java.lang.reflect.Method.invoke(Method.java:568)
	at io.cucumber.java.Invoker.doInvoke(Invoker.java:66)
	at io.cucumber.java.Invoker.invoke(Invoker.java:24)
	at io.cucumber.java.AbstractGlueDefinition.invokeMethod(AbstractGlueDefinition.java:47)
	at io.cucumber.java.JavaStepDefinition.execute(JavaStepDefinition.java:29)
	at io.cucumber.core.runner.CoreStepDefinition.execute(CoreStepDefinition.java:66)
	at io.cucumber.core.runner.PickleStepDefinitionMatch.runStep(PickleStepDefinitionMatch.java:63)
	at io.cucumber.core.runner.ExecutionMode$1.execute(ExecutionMode.java:10)
	at io.cucumber.core.runner.TestStep.executeStep(TestStep.java:81)
	at io.cucumber.core.runner.TestStep.run(TestStep.java:53)
	at io.cucumber.core.runner.PickleStepTestStep.run(PickleStepTestStep.java:51)
	at io.cucumber.core.runner.TestCase.run(TestCase.java:84)
	at io.cucumber.core.runner.Runner.runPickle(Runner.java:75)
	at io.cucumber.testng.TestNGCucumberRunner.lambda$runScenario$1(TestNGCucumberRunner.java:132)
	at io.cucumber.core.runtime.CucumberExecutionContext.lambda$runTestCase$5(CucumberExecutionContext.java:136)
	at io.cucumber.core.runtime.RethrowingThrowableCollector.executeAndThrow(RethrowingThrowableCollector.java:23)
	at io.cucumber.core.runtime.CucumberExecutionContext.runTestCase(CucumberExecutionContext.java:136)
	at io.cucumber.testng.TestNGCucumberRunner.runScenario(TestNGCucumberRunner.java:129)
	at io.cucumber.testng.AbstractTestNGCucumberTests.runScenario(AbstractTestNGCucumberTests.java:35)
	at jdk.internal.reflect.GeneratedMethodAccessor105.invoke(Unknown Source)
	at java.base/jdk.internal.reflect.DelegatingMethodAccessorImpl.invoke(DelegatingMethodAccessorImpl.java:43)
	at java.base/java.lang.reflect.Method.invoke(Method.java:568)
	at org.testng.internal.invokers.MethodInvocationHelper.invokeMethod(MethodInvocationHelper.java:141)
	at org.testng.internal.invokers.TestInvoker.invokeMethod(TestInvoker.java:686)
	at org.testng.internal.invokers.TestInvoker.invokeTestMethod(TestInvoker.java:230)
	at org.testng.internal.invokers.TestMethodWithDataProviderMethodWorker.call(TestMethodWithDataProviderMethodWorker.java:81)
	at org.testng.internal.thread.Async$AsyncTask.run(Async.java:34)
	at java.base/java.util.concurrent.ThreadPoolExecutor.runWorker(ThreadPoolExecutor.java:1136)
	at java.base/java.util.concurrent.ThreadPoolExecutor$Worker.run(ThreadPoolExecutor.java:635)
	at java.base/java.lang.Thread.run(Thread.java:842)
</textarea>
      
      </div>
              </div>
              <div class="step pass-bg" title="AFTER_STEP">
                <span>com.dsAlgoProject.Hooks.dsAlgoHooks.afterStep(io.cucumber.java.Scenario)</span>
      <div>User_navigates_to_tryEditor_from_Insertionpage
          <div class="row mb-3"><div class="col-md-3">
    

<img data-featherlight='../embedded4.png' src="../embedded4.png">
  
    

    </div></div>
</div>
      <div>
      </div>
              </div>
              <div class="step skip-bg" title="Stepdefinitions.CommonbackgroundSteps.clicks_the_login_button()">
                <span>Then clicks the login button</span>
      <div>Step skipped
      </div>
              </div>
              <div class="step skip-bg" title="Stepdefinitions.CommonbackgroundSteps.the_user_is_on(java.lang.String)">
                <span>Given the user is on "Insertionpage"</span>
      <div>Step skipped
      </div>
              </div>
              <div class="step skip-bg" title="Stepdefinitions.LinkedListSteps.the_user_selects_button(java.lang.String)">
                <span>When the user selects "Try Here" button</span>
      <div>Step skipped
      </div>
              </div>
              <div class="step skip-bg" title="Stepdefinitions.LinkedListSteps.the_user_should_land_on_the_page(java.lang.String)">
                <span>Then the user should land on the "Assessment" page</span>
      <div>Step skipped
      </div>
              </div>
          </div>
        </div>
  </div>
  <div class="card">
    <div class="card-header" role="tab">
      <div class="card-title">
        <div class="node" id="276"><span class="badge log fail-bg mr-2">Fail</span>User navigates to Insertion from linkedlistpage</div>
          <div class="status-avatar float-right mr-4">
            <i class="fa fa-paperclip"></i>
          </div>
      </div>
    </div>
        <div class="">
          <div class="card-body">
              <div class="step pass-bg" title="Stepdefinitions.CommonbackgroundSteps.the_user_navigates_to_the_login_page()">
                <span>Given the user navigates to the login page</span>
      <div>
      </div>
              </div>
              <div class="step fail-bg" title="Stepdefinitions.CommonbackgroundSteps.the_user_enters_a_valid_username_and_password()">
                <span>When the user enters a valid username and password</span>
      <div>
        <textarea disabled class="code-block">org.openqa.selenium.TimeoutException: java.util.concurrent.TimeoutException
Build info: version: '4.23.1', revision: '656257d8e9'
System info: os.name: 'Windows 11', os.arch: 'amd64', os.version: '10.0', java.version: '17.0.11'
Driver info: org.openqa.selenium.chrome.ChromeDriver
Command: [7561369eee2a05e983249097dab9c0e8, findElement {using=xpath, value=//input[@name='password']}]
Capabilities {acceptInsecureCerts: false, browserName: chrome, browserVersion: 128.0.6613.85, chrome: {chromedriverVersion: 128.0.6613.84 (606aa55c7d68..., userDataDir: C:\WINDOWS\SystemTemp\scope...}, fedcm:accounts: true, goog:chromeOptions: {debuggerAddress: localhost:53837}, networkConnectionEnabled: false, pageLoadStrategy: normal, platformName: windows, proxy: Proxy(), se:cdp: ws://localhost:53837/devtoo..., se:cdpVersion: 128.0.6613.85, setWindowRect: true, strictFileInteractability: false, timeouts: {implicit: 0, pageLoad: 300000, script: 30000}, unhandledPromptBehavior: dismiss and notify, webauthn:extension:credBlob: true, webauthn:extension:largeBlob: true, webauthn:extension:minPinLength: true, webauthn:extension:prf: true, webauthn:virtualAuthenticators: true}
Session ID: 7561369eee2a05e983249097dab9c0e8
	at org.openqa.selenium.remote.http.jdk.JdkHttpClient.execute0(JdkHttpClient.java:418)
	at org.openqa.selenium.remote.http.AddSeleniumUserAgent.lambda$apply$0(AddSeleniumUserAgent.java:42)
	at org.openqa.selenium.remote.http.Filter.lambda$andFinally$1(Filter.java:55)
	at org.openqa.selenium.remote.http.jdk.JdkHttpClient.execute(JdkHttpClient.java:374)
	at org.openqa.selenium.remote.HttpCommandExecutor.execute(HttpCommandExecutor.java:187)
	at org.openqa.selenium.remote.service.DriverCommandExecutor.invokeExecute(DriverCommandExecutor.java:216)
	at org.openqa.selenium.remote.service.DriverCommandExecutor.execute(DriverCommandExecutor.java:174)
	at org.openqa.selenium.remote.RemoteWebDriver.execute(RemoteWebDriver.java:545)
	at org.openqa.selenium.remote.ElementLocation$ElementFinder$2.findElement(ElementLocation.java:165)
	at org.openqa.selenium.remote.ElementLocation.findElement(ElementLocation.java:59)
	at org.openqa.selenium.remote.RemoteWebDriver.findElement(RemoteWebDriver.java:368)
	at org.openqa.selenium.remote.RemoteWebDriver.findElement(RemoteWebDriver.java:362)
	at org.openqa.selenium.support.pagefactory.DefaultElementLocator.findElement(DefaultElementLocator.java:68)
	at org.openqa.selenium.support.pagefactory.internal.LocatingElementHandler.invoke(LocatingElementHandler.java:38)
	at jdk.proxy2/jdk.proxy2.$Proxy31.isDisplayed(Unknown Source)
	at org.openqa.selenium.support.ui.ExpectedConditions.elementIfVisible(ExpectedConditions.java:304)
	at org.openqa.selenium.support.ui.ExpectedConditions$10.apply(ExpectedConditions.java:290)
	at org.openqa.selenium.support.ui.ExpectedConditions$10.apply(ExpectedConditions.java:287)
	at org.openqa.selenium.support.ui.FluentWait.until(FluentWait.java:203)
	at PageFactory.loginpage.enterpassword(loginpage.java:89)
	at Stepdefinitions.CommonbackgroundSteps.the_user_enters_a_valid_username_and_password(CommonbackgroundSteps.java:42)
	at ?.the user enters a valid username and password(file:///C:/Workspace2/NewWorkSpace/CucumberFrameworkk/src/test/resources/Features/LinkedList.feature:6)
Caused by: java.util.concurrent.TimeoutException
	at java.base/java.util.concurrent.CompletableFuture.timedGet(CompletableFuture.java:1960)
	at java.base/java.util.concurrent.CompletableFuture.get(CompletableFuture.java:2095)
	at org.openqa.selenium.remote.http.jdk.JdkHttpClient.execute0(JdkHttpClient.java:401)
	at org.openqa.selenium.remote.http.AddSeleniumUserAgent.lambda$apply$0(AddSeleniumUserAgent.java:42)
	at org.openqa.selenium.remote.http.Filter.lambda$andFinally$1(Filter.java:55)
	at org.openqa.selenium.remote.http.jdk.JdkHttpClient.execute(JdkHttpClient.java:374)
	at org.openqa.selenium.remote.HttpCommandExecutor.execute(HttpCommandExecutor.java:187)
	at org.openqa.selenium.remote.service.DriverCommandExecutor.invokeExecute(DriverCommandExecutor.java:216)
	at org.openqa.selenium.remote.service.DriverCommandExecutor.execute(DriverCommandExecutor.java:174)
	at org.openqa.selenium.remote.RemoteWebDriver.execute(RemoteWebDriver.java:545)
	at org.openqa.selenium.remote.ElementLocation$ElementFinder$2.findElement(ElementLocation.java:165)
	at org.openqa.selenium.remote.ElementLocation.findElement(ElementLocation.java:59)
	at org.openqa.selenium.remote.RemoteWebDriver.findElement(RemoteWebDriver.java:368)
	at org.openqa.selenium.remote.RemoteWebDriver.findElement(RemoteWebDriver.java:362)
	at org.openqa.selenium.support.pagefactory.DefaultElementLocator.findElement(DefaultElementLocator.java:68)
	at org.openqa.selenium.support.pagefactory.internal.LocatingElementHandler.invoke(LocatingElementHandler.java:38)
	at jdk.proxy2/jdk.proxy2.$Proxy31.isDisplayed(Unknown Source)
	at org.openqa.selenium.support.ui.ExpectedConditions.elementIfVisible(ExpectedConditions.java:304)
	at org.openqa.selenium.support.ui.ExpectedConditions$10.apply(ExpectedConditions.java:290)
	at org.openqa.selenium.support.ui.ExpectedConditions$10.apply(ExpectedConditions.java:287)
	at org.openqa.selenium.support.ui.FluentWait.until(FluentWait.java:203)
	at PageFactory.loginpage.enterpassword(loginpage.java:89)
	at Stepdefinitions.CommonbackgroundSteps.the_user_enters_a_valid_username_and_password(CommonbackgroundSteps.java:42)
	at java.base/jdk.internal.reflect.NativeMethodAccessorImpl.invoke0(Native Method)
	at java.base/jdk.internal.reflect.NativeMethodAccessorImpl.invoke(NativeMethodAccessorImpl.java:77)
	at java.base/jdk.internal.reflect.DelegatingMethodAccessorImpl.invoke(DelegatingMethodAccessorImpl.java:43)
	at java.base/java.lang.reflect.Method.invoke(Method.java:568)
	at io.cucumber.java.Invoker.doInvoke(Invoker.java:66)
	at io.cucumber.java.Invoker.invoke(Invoker.java:24)
	at io.cucumber.java.AbstractGlueDefinition.invokeMethod(AbstractGlueDefinition.java:47)
	at io.cucumber.java.JavaStepDefinition.execute(JavaStepDefinition.java:29)
	at io.cucumber.core.runner.CoreStepDefinition.execute(CoreStepDefinition.java:66)
	at io.cucumber.core.runner.PickleStepDefinitionMatch.runStep(PickleStepDefinitionMatch.java:63)
	at io.cucumber.core.runner.ExecutionMode$1.execute(ExecutionMode.java:10)
	at io.cucumber.core.runner.TestStep.executeStep(TestStep.java:81)
	at io.cucumber.core.runner.TestStep.run(TestStep.java:53)
	at io.cucumber.core.runner.PickleStepTestStep.run(PickleStepTestStep.java:51)
	at io.cucumber.core.runner.TestCase.run(TestCase.java:84)
	at io.cucumber.core.runner.Runner.runPickle(Runner.java:75)
	at io.cucumber.testng.TestNGCucumberRunner.lambda$runScenario$1(TestNGCucumberRunner.java:132)
	at io.cucumber.core.runtime.CucumberExecutionContext.lambda$runTestCase$5(CucumberExecutionContext.java:136)
	at io.cucumber.core.runtime.RethrowingThrowableCollector.executeAndThrow(RethrowingThrowableCollector.java:23)
	at io.cucumber.core.runtime.CucumberExecutionContext.runTestCase(CucumberExecutionContext.java:136)
	at io.cucumber.testng.TestNGCucumberRunner.runScenario(TestNGCucumberRunner.java:129)
	at io.cucumber.testng.AbstractTestNGCucumberTests.runScenario(AbstractTestNGCucumberTests.java:35)
	at jdk.internal.reflect.GeneratedMethodAccessor105.invoke(Unknown Source)
	at java.base/jdk.internal.reflect.DelegatingMethodAccessorImpl.invoke(DelegatingMethodAccessorImpl.java:43)
	at java.base/java.lang.reflect.Method.invoke(Method.java:568)
	at org.testng.internal.invokers.MethodInvocationHelper.invokeMethod(MethodInvocationHelper.java:141)
	at org.testng.internal.invokers.TestInvoker.invokeMethod(TestInvoker.java:686)
	at org.testng.internal.invokers.TestInvoker.invokeTestMethod(TestInvoker.java:230)
	at org.testng.internal.invokers.TestMethodWithDataProviderMethodWorker.call(TestMethodWithDataProviderMethodWorker.java:81)
	at org.testng.internal.thread.Async$AsyncTask.run(Async.java:34)
	at java.base/java.util.concurrent.ThreadPoolExecutor.runWorker(ThreadPoolExecutor.java:1136)
	at java.base/java.util.concurrent.ThreadPoolExecutor$Worker.run(ThreadPoolExecutor.java:635)
	at java.base/java.lang.Thread.run(Thread.java:842)
</textarea>
      
      </div>
              </div>
              <div class="step pass-bg" title="AFTER_STEP">
                <span>com.dsAlgoProject.Hooks.dsAlgoHooks.afterStep(io.cucumber.java.Scenario)</span>
      <div>User_navigates_to_Insertion_from_linkedlistpage
          <div class="row mb-3"><div class="col-md-3">
    

<img data-featherlight='../embedded2.png' src="../embedded2.png">
  
    

    </div></div>
</div>
      <div>
      </div>
              </div>
              <div class="step skip-bg" title="Stepdefinitions.CommonbackgroundSteps.clicks_the_login_button()">
                <span>Then clicks the login button</span>
      <div>Step skipped
      </div>
              </div>
              <div class="step skip-bg" title="Stepdefinitions.CommonbackgroundSteps.the_user_is_on(java.lang.String)">
                <span>Given the user is on "linkedlistpage"</span>
      <div>Step skipped
      </div>
              </div>
              <div class="step skip-bg" title="Stepdefinitions.LinkedListSteps.the_user_selects_button(java.lang.String)">
                <span>When the user selects "Insertion" button</span>
      <div>Step skipped
      </div>
              </div>
              <div class="step skip-bg" title="Stepdefinitions.LinkedListSteps.the_user_should_land_on_the_page(java.lang.String)">
                <span>Then the user should land on the "Insertion" page</span>
      <div>Step skipped
      </div>
              </div>
          </div>
        </div>
  </div>
  <div class="card">
    <div class="card-header" role="tab">
      <div class="card-title">
        <div class="node" id="279"><span class="badge log pass-bg mr-2">Pass</span>User navigates to tryEditor from Types of Linked List page</div>
      </div>
    </div>
        <div class="collapse">
          <div class="card-body">
              <div class="step pass-bg" title="Stepdefinitions.CommonbackgroundSteps.the_user_navigates_to_the_login_page()">
                <span>Given the user navigates to the login page</span>
      <div>
      </div>
              </div>
              <div class="step pass-bg" title="Stepdefinitions.CommonbackgroundSteps.the_user_enters_a_valid_username_and_password()">
                <span>When the user enters a valid username and password</span>
      <div>
      </div>
              </div>
              <div class="step pass-bg" title="Stepdefinitions.CommonbackgroundSteps.clicks_the_login_button()">
                <span>Then clicks the login button</span>
      <div>
      </div>
              </div>
              <div class="step pass-bg" title="Stepdefinitions.CommonbackgroundSteps.the_user_is_on(java.lang.String)">
                <span>Given the user is on "TypesofLinkedListpage"</span>
      <div>
      </div>
              </div>
              <div class="step pass-bg" title="Stepdefinitions.LinkedListSteps.the_user_selects_button(java.lang.String)">
                <span>When the user selects "Try Here" button</span>
      <div>
      </div>
              </div>
              <div class="step pass-bg" title="Stepdefinitions.LinkedListSteps.the_user_should_land_on_the_page(java.lang.String)">
                <span>Then the user should land on the "Assessment" page</span>
      <div>
      </div>
              </div>
          </div>
        </div>
  </div>
  <div class="card">
    <div class="card-header" role="tab">
      <div class="card-title">
        <div class="node" id="282"><span class="badge log fail-bg mr-2">Fail</span>User navigates to Deletion from linkedlistpage</div>
      </div>
    </div>
        <div class="">
          <div class="card-body">
              <div class="step pass-bg" title="Stepdefinitions.CommonbackgroundSteps.the_user_navigates_to_the_login_page()">
                <span>Given the user navigates to the login page</span>
      <div>
      </div>
              </div>
              <div class="step pass-bg" title="Stepdefinitions.CommonbackgroundSteps.the_user_enters_a_valid_username_and_password()">
                <span>When the user enters a valid username and password</span>
      <div>
      </div>
              </div>
              <div class="step pass-bg" title="Stepdefinitions.CommonbackgroundSteps.clicks_the_login_button()">
                <span>Then clicks the login button</span>
      <div>
      </div>
              </div>
              <div class="step fail-bg" title="Stepdefinitions.CommonbackgroundSteps.the_user_is_on(java.lang.String)">
                <span>Given the user is on "linkedlistpage"</span>
      <div>
        <textarea disabled class="code-block">org.openqa.selenium.TimeoutException: java.util.concurrent.TimeoutException
Build info: version: '4.23.1', revision: '656257d8e9'
System info: os.name: 'Windows 11', os.arch: 'amd64', os.version: '10.0', java.version: '17.0.11'
Driver info: org.openqa.selenium.chrome.ChromeDriver
Command: [7561369eee2a05e983249097dab9c0e8, get {url=https://dsportalapp.herokuapp.com/linked-list/}]
Capabilities {acceptInsecureCerts: false, browserName: chrome, browserVersion: 128.0.6613.85, chrome: {chromedriverVersion: 128.0.6613.84 (606aa55c7d68..., userDataDir: C:\WINDOWS\SystemTemp\scope...}, fedcm:accounts: true, goog:chromeOptions: {debuggerAddress: localhost:53837}, networkConnectionEnabled: false, pageLoadStrategy: normal, platformName: windows, proxy: Proxy(), se:cdp: ws://localhost:53837/devtoo..., se:cdpVersion: 128.0.6613.85, setWindowRect: true, strictFileInteractability: false, timeouts: {implicit: 0, pageLoad: 300000, script: 30000}, unhandledPromptBehavior: dismiss and notify, webauthn:extension:credBlob: true, webauthn:extension:largeBlob: true, webauthn:extension:minPinLength: true, webauthn:extension:prf: true, webauthn:virtualAuthenticators: true}
Session ID: 7561369eee2a05e983249097dab9c0e8
	at org.openqa.selenium.remote.http.jdk.JdkHttpClient.execute0(JdkHttpClient.java:418)
	at org.openqa.selenium.remote.http.AddSeleniumUserAgent.lambda$apply$0(AddSeleniumUserAgent.java:42)
	at org.openqa.selenium.remote.http.Filter.lambda$andFinally$1(Filter.java:55)
	at org.openqa.selenium.remote.http.jdk.JdkHttpClient.execute(JdkHttpClient.java:374)
	at org.openqa.selenium.remote.HttpCommandExecutor.execute(HttpCommandExecutor.java:187)
	at org.openqa.selenium.remote.service.DriverCommandExecutor.invokeExecute(DriverCommandExecutor.java:216)
	at org.openqa.selenium.remote.service.DriverCommandExecutor.execute(DriverCommandExecutor.java:174)
	at org.openqa.selenium.remote.RemoteWebDriver.execute(RemoteWebDriver.java:545)
	at org.openqa.selenium.remote.RemoteWebDriver.get(RemoteWebDriver.java:313)
	at PageFactory.BasePage.navigateTo(BasePage.java:25)
	at Stepdefinitions.CommonbackgroundSteps.the_user_is_on(CommonbackgroundSteps.java:55)
	at ?.the user is on "linkedlistpage"(file:///C:/Workspace2/NewWorkSpace/CucumberFrameworkk/src/test/resources/Features/LinkedList.feature:70)
Caused by: java.util.concurrent.TimeoutException
	at java.base/java.util.concurrent.CompletableFuture.timedGet(CompletableFuture.java:1960)
	at java.base/java.util.concurrent.CompletableFuture.get(CompletableFuture.java:2095)
	at org.openqa.selenium.remote.http.jdk.JdkHttpClient.execute0(JdkHttpClient.java:401)
	at org.openqa.selenium.remote.http.AddSeleniumUserAgent.lambda$apply$0(AddSeleniumUserAgent.java:42)
	at org.openqa.selenium.remote.http.Filter.lambda$andFinally$1(Filter.java:55)
	at org.openqa.selenium.remote.http.jdk.JdkHttpClient.execute(JdkHttpClient.java:374)
	at org.openqa.selenium.remote.HttpCommandExecutor.execute(HttpCommandExecutor.java:187)
	at org.openqa.selenium.remote.service.DriverCommandExecutor.invokeExecute(DriverCommandExecutor.java:216)
	at org.openqa.selenium.remote.service.DriverCommandExecutor.execute(DriverCommandExecutor.java:174)
	at org.openqa.selenium.remote.RemoteWebDriver.execute(RemoteWebDriver.java:545)
	at org.openqa.selenium.remote.RemoteWebDriver.get(RemoteWebDriver.java:313)
	at PageFactory.BasePage.navigateTo(BasePage.java:25)
	at Stepdefinitions.CommonbackgroundSteps.the_user_is_on(CommonbackgroundSteps.java:55)
	at java.base/jdk.internal.reflect.NativeMethodAccessorImpl.invoke0(Native Method)
	at java.base/jdk.internal.reflect.NativeMethodAccessorImpl.invoke(NativeMethodAccessorImpl.java:77)
	at java.base/jdk.internal.reflect.DelegatingMethodAccessorImpl.invoke(DelegatingMethodAccessorImpl.java:43)
	at java.base/java.lang.reflect.Method.invoke(Method.java:568)
	at io.cucumber.java.Invoker.doInvoke(Invoker.java:66)
	at io.cucumber.java.Invoker.invoke(Invoker.java:24)
	at io.cucumber.java.AbstractGlueDefinition.invokeMethod(AbstractGlueDefinition.java:47)
	at io.cucumber.java.JavaStepDefinition.execute(JavaStepDefinition.java:29)
	at io.cucumber.core.runner.CoreStepDefinition.execute(CoreStepDefinition.java:66)
	at io.cucumber.core.runner.PickleStepDefinitionMatch.runStep(PickleStepDefinitionMatch.java:63)
	at io.cucumber.core.runner.ExecutionMode$1.execute(ExecutionMode.java:10)
	at io.cucumber.core.runner.TestStep.executeStep(TestStep.java:81)
	at io.cucumber.core.runner.TestStep.run(TestStep.java:53)
	at io.cucumber.core.runner.PickleStepTestStep.run(PickleStepTestStep.java:51)
	at io.cucumber.core.runner.TestCase.run(TestCase.java:84)
	at io.cucumber.core.runner.Runner.runPickle(Runner.java:75)
	at io.cucumber.testng.TestNGCucumberRunner.lambda$runScenario$1(TestNGCucumberRunner.java:132)
	at io.cucumber.core.runtime.CucumberExecutionContext.lambda$runTestCase$5(CucumberExecutionContext.java:136)
	at io.cucumber.core.runtime.RethrowingThrowableCollector.executeAndThrow(RethrowingThrowableCollector.java:23)
	at io.cucumber.core.runtime.CucumberExecutionContext.runTestCase(CucumberExecutionContext.java:136)
	at io.cucumber.testng.TestNGCucumberRunner.runScenario(TestNGCucumberRunner.java:129)
	at io.cucumber.testng.AbstractTestNGCucumberTests.runScenario(AbstractTestNGCucumberTests.java:35)
	at jdk.internal.reflect.GeneratedMethodAccessor105.invoke(Unknown Source)
	at java.base/jdk.internal.reflect.DelegatingMethodAccessorImpl.invoke(DelegatingMethodAccessorImpl.java:43)
	at java.base/java.lang.reflect.Method.invoke(Method.java:568)
	at org.testng.internal.invokers.MethodInvocationHelper.invokeMethod(MethodInvocationHelper.java:141)
	at org.testng.internal.invokers.TestInvoker.invokeMethod(TestInvoker.java:686)
	at org.testng.internal.invokers.TestInvoker.invokeTestMethod(TestInvoker.java:230)
	at org.testng.internal.invokers.TestMethodWithDataProviderMethodWorker.call(TestMethodWithDataProviderMethodWorker.java:81)
	at org.testng.internal.thread.Async$AsyncTask.run(Async.java:34)
	at java.base/java.util.concurrent.ThreadPoolExecutor.runWorker(ThreadPoolExecutor.java:1136)
	at java.base/java.util.concurrent.ThreadPoolExecutor$Worker.run(ThreadPoolExecutor.java:635)
	at java.base/java.lang.Thread.run(Thread.java:842)
</textarea>
      
      </div>
              </div>
              <div class="step fail-bg" title="AFTER_STEP">
                <span>com.dsAlgoProject.Hooks.dsAlgoHooks.afterStep(io.cucumber.java.Scenario)</span>
      <div>
        <textarea disabled class="code-block">org.openqa.selenium.TimeoutException: java.util.concurrent.TimeoutException
Build info: version: '4.23.1', revision: '656257d8e9'
System info: os.name: 'Windows 11', os.arch: 'amd64', os.version: '10.0', java.version: '17.0.11'
Driver info: org.openqa.selenium.chrome.ChromeDriver
Command: [7561369eee2a05e983249097dab9c0e8, screenshot {}]
Capabilities {acceptInsecureCerts: false, browserName: chrome, browserVersion: 128.0.6613.85, chrome: {chromedriverVersion: 128.0.6613.84 (606aa55c7d68..., userDataDir: C:\WINDOWS\SystemTemp\scope...}, fedcm:accounts: true, goog:chromeOptions: {debuggerAddress: localhost:53837}, networkConnectionEnabled: false, pageLoadStrategy: normal, platformName: windows, proxy: Proxy(), se:cdp: ws://localhost:53837/devtoo..., se:cdpVersion: 128.0.6613.85, setWindowRect: true, strictFileInteractability: false, timeouts: {implicit: 0, pageLoad: 300000, script: 30000}, unhandledPromptBehavior: dismiss and notify, webauthn:extension:credBlob: true, webauthn:extension:largeBlob: true, webauthn:extension:minPinLength: true, webauthn:extension:prf: true, webauthn:virtualAuthenticators: true}
Session ID: 7561369eee2a05e983249097dab9c0e8
	at org.openqa.selenium.remote.http.jdk.JdkHttpClient.execute0(JdkHttpClient.java:418)
	at org.openqa.selenium.remote.http.AddSeleniumUserAgent.lambda$apply$0(AddSeleniumUserAgent.java:42)
	at org.openqa.selenium.remote.http.Filter.lambda$andFinally$1(Filter.java:55)
	at org.openqa.selenium.remote.http.jdk.JdkHttpClient.execute(JdkHttpClient.java:374)
	at org.openqa.selenium.remote.HttpCommandExecutor.execute(HttpCommandExecutor.java:187)
	at org.openqa.selenium.remote.service.DriverCommandExecutor.invokeExecute(DriverCommandExecutor.java:216)
	at org.openqa.selenium.remote.service.DriverCommandExecutor.execute(DriverCommandExecutor.java:174)
	at org.openqa.selenium.remote.RemoteWebDriver.execute(RemoteWebDriver.java:545)
	at org.openqa.selenium.remote.RemoteWebDriver.execute(RemoteWebDriver.java:618)
	at org.openqa.selenium.remote.RemoteWebDriver.execute(RemoteWebDriver.java:622)
	at org.openqa.selenium.remote.RemoteWebDriver.getScreenshotAs(RemoteWebDriver.java:334)
	at com.dsAlgoProject.Hooks.dsAlgoHooks.afterStep(dsAlgoHooks.java:88)
Caused by: java.util.concurrent.TimeoutException
	at java.base/java.util.concurrent.CompletableFuture.timedGet(CompletableFuture.java:1960)
	at java.base/java.util.concurrent.CompletableFuture.get(CompletableFuture.java:2095)
	at org.openqa.selenium.remote.http.jdk.JdkHttpClient.execute0(JdkHttpClient.java:401)
	at org.openqa.selenium.remote.http.AddSeleniumUserAgent.lambda$apply$0(AddSeleniumUserAgent.java:42)
	at org.openqa.selenium.remote.http.Filter.lambda$andFinally$1(Filter.java:55)
	at org.openqa.selenium.remote.http.jdk.JdkHttpClient.execute(JdkHttpClient.java:374)
	at org.openqa.selenium.remote.HttpCommandExecutor.execute(HttpCommandExecutor.java:187)
	at org.openqa.selenium.remote.service.DriverCommandExecutor.invokeExecute(DriverCommandExecutor.java:216)
	at org.openqa.selenium.remote.service.DriverCommandExecutor.execute(DriverCommandExecutor.java:174)
	at org.openqa.selenium.remote.RemoteWebDriver.execute(RemoteWebDriver.java:545)
	at org.openqa.selenium.remote.RemoteWebDriver.execute(RemoteWebDriver.java:618)
	at org.openqa.selenium.remote.RemoteWebDriver.execute(RemoteWebDriver.java:622)
	at org.openqa.selenium.remote.RemoteWebDriver.getScreenshotAs(RemoteWebDriver.java:334)
	at com.dsAlgoProject.Hooks.dsAlgoHooks.afterStep(dsAlgoHooks.java:88)
	at jdk.internal.reflect.GeneratedMethodAccessor119.invoke(Unknown Source)
	at java.base/jdk.internal.reflect.DelegatingMethodAccessorImpl.invoke(DelegatingMethodAccessorImpl.java:43)
	at java.base/java.lang.reflect.Method.invoke(Method.java:568)
	at io.cucumber.java.Invoker.doInvoke(Invoker.java:66)
	at io.cucumber.java.Invoker.invoke(Invoker.java:24)
	at io.cucumber.java.AbstractGlueDefinition.invokeMethod(AbstractGlueDefinition.java:47)
	at io.cucumber.java.JavaHookDefinition.execute(JavaHookDefinition.java:64)
	at io.cucumber.core.runner.CoreHookDefinition.execute(CoreHookDefinition.java:46)
	at io.cucumber.core.runner.HookDefinitionMatch.runStep(HookDefinitionMatch.java:21)
	at io.cucumber.core.runner.ExecutionMode$1.execute(ExecutionMode.java:10)
	at io.cucumber.core.runner.TestStep.executeStep(TestStep.java:81)
	at io.cucumber.core.runner.TestStep.run(TestStep.java:53)
	at io.cucumber.core.runner.PickleStepTestStep.run(PickleStepTestStep.java:56)
	at io.cucumber.core.runner.TestCase.run(TestCase.java:84)
	at io.cucumber.core.runner.Runner.runPickle(Runner.java:75)
	at io.cucumber.testng.TestNGCucumberRunner.lambda$runScenario$1(TestNGCucumberRunner.java:132)
	at io.cucumber.core.runtime.CucumberExecutionContext.lambda$runTestCase$5(CucumberExecutionContext.java:136)
	at io.cucumber.core.runtime.RethrowingThrowableCollector.executeAndThrow(RethrowingThrowableCollector.java:23)
	at io.cucumber.core.runtime.CucumberExecutionContext.runTestCase(CucumberExecutionContext.java:136)
	at io.cucumber.testng.TestNGCucumberRunner.runScenario(TestNGCucumberRunner.java:129)
	at io.cucumber.testng.AbstractTestNGCucumberTests.runScenario(AbstractTestNGCucumberTests.java:35)
	at jdk.internal.reflect.GeneratedMethodAccessor105.invoke(Unknown Source)
	at java.base/jdk.internal.reflect.DelegatingMethodAccessorImpl.invoke(DelegatingMethodAccessorImpl.java:43)
	at java.base/java.lang.reflect.Method.invoke(Method.java:568)
	at org.testng.internal.invokers.MethodInvocationHelper.invokeMethod(MethodInvocationHelper.java:141)
	at org.testng.internal.invokers.TestInvoker.invokeMethod(TestInvoker.java:686)
	at org.testng.internal.invokers.TestInvoker.invokeTestMethod(TestInvoker.java:230)
	at org.testng.internal.invokers.TestMethodWithDataProviderMethodWorker.call(TestMethodWithDataProviderMethodWorker.java:81)
	at org.testng.internal.thread.Async$AsyncTask.run(Async.java:34)
	at java.base/java.util.concurrent.ThreadPoolExecutor.runWorker(ThreadPoolExecutor.java:1136)
	at java.base/java.util.concurrent.ThreadPoolExecutor$Worker.run(ThreadPoolExecutor.java:635)
	at java.base/java.lang.Thread.run(Thread.java:842)
</textarea>
      
      </div>
              </div>
              <div class="step skip-bg" title="Stepdefinitions.LinkedListSteps.the_user_selects_button(java.lang.String)">
                <span>When the user selects "Deletion" button</span>
      <div>Step skipped
      </div>
              </div>
              <div class="step skip-bg" title="Stepdefinitions.LinkedListSteps.the_user_should_land_on_the_page(java.lang.String)">
                <span>Then the user should land on the "Deletion" page</span>
      <div>Step skipped
      </div>
              </div>
          </div>
        </div>
  </div>
  <div class="card">
    <div class="card-header" role="tab">
      <div class="card-title">
        <div class="node" id="283"><span class="badge log fail-bg mr-2">Fail</span>User navigates to tryEditor from Deletionpage</div>
          <div class="status-avatar float-right mr-4">
            <i class="fa fa-paperclip"></i>
          </div>
      </div>
    </div>
        <div class="">
          <div class="card-body">
              <div class="step pass-bg" title="Stepdefinitions.CommonbackgroundSteps.the_user_navigates_to_the_login_page()">
                <span>Given the user navigates to the login page</span>
      <div>
      </div>
              </div>
              <div class="step fail-bg" title="Stepdefinitions.CommonbackgroundSteps.the_user_enters_a_valid_username_and_password()">
                <span>When the user enters a valid username and password</span>
      <div>
        <textarea disabled class="code-block">org.openqa.selenium.TimeoutException: java.util.concurrent.TimeoutException
Build info: version: '4.23.1', revision: '656257d8e9'
System info: os.name: 'Windows 11', os.arch: 'amd64', os.version: '10.0', java.version: '17.0.11'
Driver info: org.openqa.selenium.chrome.ChromeDriver
Command: [7561369eee2a05e983249097dab9c0e8, findElement {using=xpath, value=//input[@name='username']}]
Capabilities {acceptInsecureCerts: false, browserName: chrome, browserVersion: 128.0.6613.85, chrome: {chromedriverVersion: 128.0.6613.84 (606aa55c7d68..., userDataDir: C:\WINDOWS\SystemTemp\scope...}, fedcm:accounts: true, goog:chromeOptions: {debuggerAddress: localhost:53837}, networkConnectionEnabled: false, pageLoadStrategy: normal, platformName: windows, proxy: Proxy(), se:cdp: ws://localhost:53837/devtoo..., se:cdpVersion: 128.0.6613.85, setWindowRect: true, strictFileInteractability: false, timeouts: {implicit: 0, pageLoad: 300000, script: 30000}, unhandledPromptBehavior: dismiss and notify, webauthn:extension:credBlob: true, webauthn:extension:largeBlob: true, webauthn:extension:minPinLength: true, webauthn:extension:prf: true, webauthn:virtualAuthenticators: true}
Session ID: 7561369eee2a05e983249097dab9c0e8
	at org.openqa.selenium.remote.http.jdk.JdkHttpClient.execute0(JdkHttpClient.java:418)
	at org.openqa.selenium.remote.http.AddSeleniumUserAgent.lambda$apply$0(AddSeleniumUserAgent.java:42)
	at org.openqa.selenium.remote.http.Filter.lambda$andFinally$1(Filter.java:55)
	at org.openqa.selenium.remote.http.jdk.JdkHttpClient.execute(JdkHttpClient.java:374)
	at org.openqa.selenium.remote.HttpCommandExecutor.execute(HttpCommandExecutor.java:187)
	at org.openqa.selenium.remote.service.DriverCommandExecutor.invokeExecute(DriverCommandExecutor.java:216)
	at org.openqa.selenium.remote.service.DriverCommandExecutor.execute(DriverCommandExecutor.java:174)
	at org.openqa.selenium.remote.RemoteWebDriver.execute(RemoteWebDriver.java:545)
	at org.openqa.selenium.remote.ElementLocation$ElementFinder$2.findElement(ElementLocation.java:165)
	at org.openqa.selenium.remote.ElementLocation.findElement(ElementLocation.java:59)
	at org.openqa.selenium.remote.RemoteWebDriver.findElement(RemoteWebDriver.java:368)
	at org.openqa.selenium.remote.RemoteWebDriver.findElement(RemoteWebDriver.java:362)
	at org.openqa.selenium.support.pagefactory.DefaultElementLocator.findElement(DefaultElementLocator.java:68)
	at org.openqa.selenium.support.pagefactory.internal.LocatingElementHandler.invoke(LocatingElementHandler.java:38)
	at jdk.proxy2/jdk.proxy2.$Proxy31.isDisplayed(Unknown Source)
	at org.openqa.selenium.support.ui.ExpectedConditions.elementIfVisible(ExpectedConditions.java:304)
	at org.openqa.selenium.support.ui.ExpectedConditions$10.apply(ExpectedConditions.java:290)
	at org.openqa.selenium.support.ui.ExpectedConditions$10.apply(ExpectedConditions.java:287)
	at org.openqa.selenium.support.ui.FluentWait.until(FluentWait.java:203)
	at PageFactory.loginpage.enterusername(loginpage.java:79)
	at Stepdefinitions.CommonbackgroundSteps.the_user_enters_a_valid_username_and_password(CommonbackgroundSteps.java:41)
	at ?.the user enters a valid username and password(file:///C:/Workspace2/NewWorkSpace/CucumberFrameworkk/src/test/resources/Features/LinkedList.feature:6)
Caused by: java.util.concurrent.TimeoutException
	at java.base/java.util.concurrent.CompletableFuture.timedGet(CompletableFuture.java:1960)
	at java.base/java.util.concurrent.CompletableFuture.get(CompletableFuture.java:2095)
	at org.openqa.selenium.remote.http.jdk.JdkHttpClient.execute0(JdkHttpClient.java:401)
	at org.openqa.selenium.remote.http.AddSeleniumUserAgent.lambda$apply$0(AddSeleniumUserAgent.java:42)
	at org.openqa.selenium.remote.http.Filter.lambda$andFinally$1(Filter.java:55)
	at org.openqa.selenium.remote.http.jdk.JdkHttpClient.execute(JdkHttpClient.java:374)
	at org.openqa.selenium.remote.HttpCommandExecutor.execute(HttpCommandExecutor.java:187)
	at org.openqa.selenium.remote.service.DriverCommandExecutor.invokeExecute(DriverCommandExecutor.java:216)
	at org.openqa.selenium.remote.service.DriverCommandExecutor.execute(DriverCommandExecutor.java:174)
	at org.openqa.selenium.remote.RemoteWebDriver.execute(RemoteWebDriver.java:545)
	at org.openqa.selenium.remote.ElementLocation$ElementFinder$2.findElement(ElementLocation.java:165)
	at org.openqa.selenium.remote.ElementLocation.findElement(ElementLocation.java:59)
	at org.openqa.selenium.remote.RemoteWebDriver.findElement(RemoteWebDriver.java:368)
	at org.openqa.selenium.remote.RemoteWebDriver.findElement(RemoteWebDriver.java:362)
	at org.openqa.selenium.support.pagefactory.DefaultElementLocator.findElement(DefaultElementLocator.java:68)
	at org.openqa.selenium.support.pagefactory.internal.LocatingElementHandler.invoke(LocatingElementHandler.java:38)
	at jdk.proxy2/jdk.proxy2.$Proxy31.isDisplayed(Unknown Source)
	at org.openqa.selenium.support.ui.ExpectedConditions.elementIfVisible(ExpectedConditions.java:304)
	at org.openqa.selenium.support.ui.ExpectedConditions$10.apply(ExpectedConditions.java:290)
	at org.openqa.selenium.support.ui.ExpectedConditions$10.apply(ExpectedConditions.java:287)
	at org.openqa.selenium.support.ui.FluentWait.until(FluentWait.java:203)
	at PageFactory.loginpage.enterusername(loginpage.java:79)
	at Stepdefinitions.CommonbackgroundSteps.the_user_enters_a_valid_username_and_password(CommonbackgroundSteps.java:41)
	at java.base/jdk.internal.reflect.NativeMethodAccessorImpl.invoke0(Native Method)
	at java.base/jdk.internal.reflect.NativeMethodAccessorImpl.invoke(NativeMethodAccessorImpl.java:77)
	at java.base/jdk.internal.reflect.DelegatingMethodAccessorImpl.invoke(DelegatingMethodAccessorImpl.java:43)
	at java.base/java.lang.reflect.Method.invoke(Method.java:568)
	at io.cucumber.java.Invoker.doInvoke(Invoker.java:66)
	at io.cucumber.java.Invoker.invoke(Invoker.java:24)
	at io.cucumber.java.AbstractGlueDefinition.invokeMethod(AbstractGlueDefinition.java:47)
	at io.cucumber.java.JavaStepDefinition.execute(JavaStepDefinition.java:29)
	at io.cucumber.core.runner.CoreStepDefinition.execute(CoreStepDefinition.java:66)
	at io.cucumber.core.runner.PickleStepDefinitionMatch.runStep(PickleStepDefinitionMatch.java:63)
	at io.cucumber.core.runner.ExecutionMode$1.execute(ExecutionMode.java:10)
	at io.cucumber.core.runner.TestStep.executeStep(TestStep.java:81)
	at io.cucumber.core.runner.TestStep.run(TestStep.java:53)
	at io.cucumber.core.runner.PickleStepTestStep.run(PickleStepTestStep.java:51)
	at io.cucumber.core.runner.TestCase.run(TestCase.java:84)
	at io.cucumber.core.runner.Runner.runPickle(Runner.java:75)
	at io.cucumber.testng.TestNGCucumberRunner.lambda$runScenario$1(TestNGCucumberRunner.java:132)
	at io.cucumber.core.runtime.CucumberExecutionContext.lambda$runTestCase$5(CucumberExecutionContext.java:136)
	at io.cucumber.core.runtime.RethrowingThrowableCollector.executeAndThrow(RethrowingThrowableCollector.java:23)
	at io.cucumber.core.runtime.CucumberExecutionContext.runTestCase(CucumberExecutionContext.java:136)
	at io.cucumber.testng.TestNGCucumberRunner.runScenario(TestNGCucumberRunner.java:129)
	at io.cucumber.testng.AbstractTestNGCucumberTests.runScenario(AbstractTestNGCucumberTests.java:35)
	at jdk.internal.reflect.GeneratedMethodAccessor105.invoke(Unknown Source)
	at java.base/jdk.internal.reflect.DelegatingMethodAccessorImpl.invoke(DelegatingMethodAccessorImpl.java:43)
	at java.base/java.lang.reflect.Method.invoke(Method.java:568)
	at org.testng.internal.invokers.MethodInvocationHelper.invokeMethod(MethodInvocationHelper.java:141)
	at org.testng.internal.invokers.TestInvoker.invokeMethod(TestInvoker.java:686)
	at org.testng.internal.invokers.TestInvoker.invokeTestMethod(TestInvoker.java:230)
	at org.testng.internal.invokers.TestMethodWithDataProviderMethodWorker.call(TestMethodWithDataProviderMethodWorker.java:81)
	at org.testng.internal.thread.Async$AsyncTask.run(Async.java:34)
	at java.base/java.util.concurrent.ThreadPoolExecutor.runWorker(ThreadPoolExecutor.java:1136)
	at java.base/java.util.concurrent.ThreadPoolExecutor$Worker.run(ThreadPoolExecutor.java:635)
	at java.base/java.lang.Thread.run(Thread.java:842)
</textarea>
      
      </div>
              </div>
              <div class="step pass-bg" title="AFTER_STEP">
                <span>com.dsAlgoProject.Hooks.dsAlgoHooks.afterStep(io.cucumber.java.Scenario)</span>
      <div>User_navigates_to_tryEditor_from_Deletionpage
          <div class="row mb-3"><div class="col-md-3">
    

<img data-featherlight='../embedded1.png' src="../embedded1.png">
  
    

    </div></div>
</div>
      <div>
      </div>
              </div>
              <div class="step skip-bg" title="Stepdefinitions.CommonbackgroundSteps.clicks_the_login_button()">
                <span>Then clicks the login button</span>
      <div>Step skipped
      </div>
              </div>
              <div class="step skip-bg" title="Stepdefinitions.CommonbackgroundSteps.the_user_is_on(java.lang.String)">
                <span>Given the user is on "Deletionpage"</span>
      <div>Step skipped
      </div>
              </div>
              <div class="step skip-bg" title="Stepdefinitions.LinkedListSteps.the_user_selects_button(java.lang.String)">
                <span>When the user selects "Try Here" button</span>
      <div>Step skipped
      </div>
              </div>
              <div class="step skip-bg" title="Stepdefinitions.LinkedListSteps.the_user_should_land_on_the_page(java.lang.String)">
                <span>Then the user should land on the "Assessment" page</span>
      <div>Step skipped
      </div>
              </div>
          </div>
        </div>
  </div>
</div>
          </div>
        </li>
      </ul>
    </div>
  </div>
<div class="test-content scrollable">
<div class="test-content-tools">
<ul><li><a class="back-to-test" href="#"><i class="fa fa-arrow-left"></i></a></li></ul>
</div>
<div class="test-content-detail"><div class="detail-body"></div></div>
</div></div>
<div class="test-wrapper row view exception-view attributes-view">
<div class="test-list">
<div class="test-list-tools">
<ul class="tools pull-left"><li><a href=""><span class="font-size-14">Exception</span></a></li></ul>
<ul class="tools text-right"><li><a href="#"><span class="badge badge-primary">2</span></a></li></ul>
</div>
<div class="test-list-wrapper scrollable">
<ul class="test-list-item">
<li class="test-item">
<div class="test-detail">
<span class="meta">
<span class='badge log badge-danger'>15</span>
</span>
<p class="name">org.openqa.selenium.SessionNotCreatedException</p>
<p class="duration text-sm">15 tests</p>
</div>
<div class="test-contents d-none">
<div class="info">
<h4>org.openqa.selenium.SessionNotCreatedException</h4>
<span status="fail" class='badge log badge-danger'>15 failed</span>
</div>
<table class='table table-sm mt-4'>
<thead>
<tr>
<th class="status-col">Status</th>
<th class="timestamp-col">Timestamp</th>
<th>TestName</th>
</tr>
</thead>
<tbody>
<tr class="tag-test-status" status="fail">
<td><span class="badge log fail-bg">Fail</span></td>
<td>11:56:16 AM</td>
<td>
<a href="#" class="linked" test-id='1' id='25'>com.dsAlgoProject.Hooks.dsAlgoHooks.setUp(io.cucumber.java.Scenario)</a>
<div class="">
<span class="badge badge-default">Linked List Navigation and Interaction.User navigates to tryEditor from Traversalpage.com.dsAlgoProject.Hooks.dsAlgoHooks.setUp(io.cucumber.java.Scenario)</span>
</div>
</td>
</tr>
<tr class="tag-test-status" status="fail">
<td><span class="badge log fail-bg">Fail</span></td>
<td>11:56:16 AM</td>
<td>
<a href="#" class="linked" test-id='1' id='21'>com.dsAlgoProject.Hooks.dsAlgoHooks.setUp(io.cucumber.java.Scenario)</a>
<div class="">
<span class="badge badge-default">Linked List Navigation and Interaction.User navigates to tryEditor from Creating Linked LIst page.com.dsAlgoProject.Hooks.dsAlgoHooks.setUp(io.cucumber.java.Scenario)</span>
</div>
</td>
</tr>
<tr class="tag-test-status" status="fail">
<td><span class="badge log fail-bg">Fail</span></td>
<td>11:56:16 AM</td>
<td>
<a href="#" class="linked" test-id='1' id='18'>com.dsAlgoProject.Hooks.dsAlgoHooks.setUp(io.cucumber.java.Scenario)</a>
<div class="">
<span class="badge badge-default">Linked List Navigation and Interaction.User navigates to Traversal from linkedlistpage.com.dsAlgoProject.Hooks.dsAlgoHooks.setUp(io.cucumber.java.Scenario)</span>
</div>
</td>
</tr>
<tr class="tag-test-status" status="fail">
<td><span class="badge log fail-bg">Fail</span></td>
<td>11:56:16 AM</td>
<td>
<a href="#" class="linked" test-id='1' id='27'>com.dsAlgoProject.Hooks.dsAlgoHooks.setUp(io.cucumber.java.Scenario)</a>
<div class="">
<span class="badge badge-default">Linked List Navigation and Interaction.User navigates to tryEditor from Deletionpage.com.dsAlgoProject.Hooks.dsAlgoHooks.setUp(io.cucumber.java.Scenario)</span>
</div>
</td>
</tr>
<tr class="tag-test-status" status="fail">
<td><span class="badge log fail-bg">Fail</span></td>
<td>11:56:16 AM</td>
<td>
<a href="#" class="linked" test-id='1' id='28'>com.dsAlgoProject.Hooks.dsAlgoHooks.setUp(io.cucumber.java.Scenario)</a>
<div class="">
<span class="badge badge-default">Linked List Navigation and Interaction.User navigates to Insertion from linkedlistpage.com.dsAlgoProject.Hooks.dsAlgoHooks.setUp(io.cucumber.java.Scenario)</span>
</div>
</td>
</tr>
<tr class="tag-test-status" status="fail">
<td><span class="badge log fail-bg">Fail</span></td>
<td>11:56:16 AM</td>
<td>
<a href="#" class="linked" test-id='1' id='24'>com.dsAlgoProject.Hooks.dsAlgoHooks.setUp(io.cucumber.java.Scenario)</a>
<div class="">
<span class="badge badge-default">Linked List Navigation and Interaction.User navigates to Introduction from linkedlistpage.com.dsAlgoProject.Hooks.dsAlgoHooks.setUp(io.cucumber.java.Scenario)</span>
</div>
</td>
</tr>
<tr class="tag-test-status" status="fail">
<td><span class="badge log fail-bg">Fail</span></td>
<td>11:56:16 AM</td>
<td>
<a href="#" class="linked" test-id='1' id='26'>com.dsAlgoProject.Hooks.dsAlgoHooks.setUp(io.cucumber.java.Scenario)</a>
<div class="">
<span class="badge badge-default">Linked List Navigation and Interaction.User navigates to Practice Questions from linkedlistpage.com.dsAlgoProject.Hooks.dsAlgoHooks.setUp(io.cucumber.java.Scenario)</span>
</div>
</td>
</tr>
<tr class="tag-test-status" status="fail">
<td><span class="badge log fail-bg">Fail</span></td>
<td>11:56:16 AM</td>
<td>
<a href="#" class="linked" test-id='1' id='20'>com.dsAlgoProject.Hooks.dsAlgoHooks.setUp(io.cucumber.java.Scenario)</a>
<div class="">
<span class="badge badge-default">Linked List Navigation and Interaction.User navigates to Implement Linked List in Python from linkedlistpage.com.dsAlgoProject.Hooks.dsAlgoHooks.setUp(io.cucumber.java.Scenario)</span>
</div>
</td>
</tr>
<tr class="tag-test-status" status="fail">
<td><span class="badge log fail-bg">Fail</span></td>
<td>11:56:16 AM</td>
<td>
<a href="#" class="linked" test-id='1' id='29'>com.dsAlgoProject.Hooks.dsAlgoHooks.setUp(io.cucumber.java.Scenario)</a>
<div class="">
<span class="badge badge-default">Linked List Navigation and Interaction.User navigates to Creating Linked List page from linkedlistpage.com.dsAlgoProject.Hooks.dsAlgoHooks.setUp(io.cucumber.java.Scenario)</span>
</div>
</td>
</tr>
<tr class="tag-test-status" status="fail">
<td><span class="badge log fail-bg">Fail</span></td>
<td>11:56:16 AM</td>
<td>
<a href="#" class="linked" test-id='1' id='17'>com.dsAlgoProject.Hooks.dsAlgoHooks.setUp(io.cucumber.java.Scenario)</a>
<div class="">
<span class="badge badge-default">Linked List Navigation and Interaction.User navigates to tryEditor from Introductionpage.com.dsAlgoProject.Hooks.dsAlgoHooks.setUp(io.cucumber.java.Scenario)</span>
</div>
</td>
</tr>
<tr class="tag-test-status" status="fail">
<td><span class="badge log fail-bg">Fail</span></td>
<td>11:56:16 AM</td>
<td>
<a href="#" class="linked" test-id='1' id='22'>com.dsAlgoProject.Hooks.dsAlgoHooks.setUp(io.cucumber.java.Scenario)</a>
<div class="">
<span class="badge badge-default">Linked List Navigation and Interaction.User navigates to tryEditor from ImplementLinkedListinPythonpage.com.dsAlgoProject.Hooks.dsAlgoHooks.setUp(io.cucumber.java.Scenario)</span>
</div>
</td>
</tr>
<tr class="tag-test-status" status="fail">
<td><span class="badge log fail-bg">Fail</span></td>
<td>11:56:16 AM</td>
<td>
<a href="#" class="linked" test-id='1' id='16'>com.dsAlgoProject.Hooks.dsAlgoHooks.setUp(io.cucumber.java.Scenario)</a>
<div class="">
<span class="badge badge-default">Linked List Navigation and Interaction.User navigates to tryEditor from Types of Linked List page.com.dsAlgoProject.Hooks.dsAlgoHooks.setUp(io.cucumber.java.Scenario)</span>
</div>
</td>
</tr>
<tr class="tag-test-status" status="fail">
<td><span class="badge log fail-bg">Fail</span></td>
<td>11:56:16 AM</td>
<td>
<a href="#" class="linked" test-id='1' id='30'>com.dsAlgoProject.Hooks.dsAlgoHooks.setUp(io.cucumber.java.Scenario)</a>
<div class="">
<span class="badge badge-default">Linked List Navigation and Interaction.User navigates to Deletion from linkedlistpage.com.dsAlgoProject.Hooks.dsAlgoHooks.setUp(io.cucumber.java.Scenario)</span>
</div>
</td>
</tr>
<tr class="tag-test-status" status="fail">
<td><span class="badge log fail-bg">Fail</span></td>
<td>11:56:16 AM</td>
<td>
<a href="#" class="linked" test-id='1' id='19'>com.dsAlgoProject.Hooks.dsAlgoHooks.setUp(io.cucumber.java.Scenario)</a>
<div class="">
<span class="badge badge-default">Linked List Navigation and Interaction.User navigates to tryEditor from Insertionpage.com.dsAlgoProject.Hooks.dsAlgoHooks.setUp(io.cucumber.java.Scenario)</span>
</div>
</td>
</tr>
<tr class="tag-test-status" status="fail">
<td><span class="badge log fail-bg">Fail</span></td>
<td>11:56:16 AM</td>
<td>
<a href="#" class="linked" test-id='1' id='44'>com.dsAlgoProject.Hooks.dsAlgoHooks.setUp(io.cucumber.java.Scenario)</a>
<div class="">
<span class="badge badge-default">Linked List Navigation and Interaction.User navigates to Types of Linked List from linkedlistpage.com.dsAlgoProject.Hooks.dsAlgoHooks.setUp(io.cucumber.java.Scenario)</span>
</div>
</td>
</tr>
</tbody>
</table>
</div>
</li>
<li class="test-item">
<div class="test-detail">
<span class="meta">
<span class='badge log badge-danger'>6</span>
</span>
<p class="name">org.openqa.selenium.TimeoutException</p>
<p class="duration text-sm">6 tests</p>
</div>
<div class="test-contents d-none">
<div class="info">
<h4>org.openqa.selenium.TimeoutException</h4>
<span status="fail" class='badge log badge-danger'>6 failed</span>
</div>
<table class='table table-sm mt-4'>
<thead>
<tr>
<th class="status-col">Status</th>
<th class="timestamp-col">Timestamp</th>
<th>TestName</th>
</tr>
</thead>
<tbody>
<tr class="tag-test-status" status="fail">
<td><span class="badge log fail-bg">Fail</span></td>
<td>11:57:25 AM</td>
<td>
<a href="#" class="linked" test-id='242' id='398'>When the user enters a valid username and password</a>
<div class="">
<span class="badge badge-default">Linked List Navigation and Interaction.User navigates to tryEditor from Insertionpage.When the user enters a valid username and password</span>
</div>
</td>
</tr>
<tr class="tag-test-status" status="fail">
<td><span class="badge log fail-bg">Fail</span></td>
<td>11:57:26 AM</td>
<td>
<a href="#" class="linked" test-id='242' id='402'>When the user selects "Implement Linked List in Python" button</a>
<div class="">
<span class="badge badge-default">Linked List Navigation and Interaction.User navigates to Implement Linked List in Python from linkedlistpage.When the user selects "Implement Linked List in Python" button</span>
</div>
</td>
</tr>
<tr class="tag-test-status" status="fail">
<td><span class="badge log fail-bg">Fail</span></td>
<td>11:57:29 AM</td>
<td>
<a href="#" class="linked" test-id='242' id='417'>When the user enters a valid username and password</a>
<div class="">
<span class="badge badge-default">Linked List Navigation and Interaction.User navigates to tryEditor from Deletionpage.When the user enters a valid username and password</span>
</div>
</td>
</tr>
<tr class="tag-test-status" status="fail">
<td><span class="badge log fail-bg">Fail</span></td>
<td>11:57:28 AM</td>
<td>
<a href="#" class="linked" test-id='242' id='410'>When the user enters a valid username and password</a>
<div class="">
<span class="badge badge-default">Linked List Navigation and Interaction.User navigates to Insertion from linkedlistpage.When the user enters a valid username and password</span>
</div>
</td>
</tr>
<tr class="tag-test-status" status="fail">
<td><span class="badge log fail-bg">Fail</span></td>
<td>11:57:31 AM</td>
<td>
<a href="#" class="linked" test-id='242' id='432'>Given the user is on "linkedlistpage"</a>
<div class="">
<span class="badge badge-default">Linked List Navigation and Interaction.User navigates to Deletion from linkedlistpage.Given the user is on "linkedlistpage"</span>
</div>
</td>
</tr>
<tr class="tag-test-status" status="fail">
<td><span class="badge log fail-bg">Fail</span></td>
<td>12:00:31 PM</td>
<td>
<a href="#" class="linked" test-id='242' id='465'>com.dsAlgoProject.Hooks.dsAlgoHooks.afterStep(io.cucumber.java.Scenario)</a>
<div class="">
<span class="badge badge-default">Linked List Navigation and Interaction.User navigates to Deletion from linkedlistpage.com.dsAlgoProject.Hooks.dsAlgoHooks.afterStep(io.cucumber.java.Scenario)</span>
</div>
</td>
</tr>
</tbody>
</table>
</div>
</li>
</ul>
</div>
</div>
<div class="test-content scrollable">
<div class="test-content-detail">
<div class="detail-body"></div>
</div>
</div>
</div>        </div>
      </div>
    </div>
  </div>
<script src="https://cdn.jsdelivr.net/gh/extent-framework/extent-github-cdn@c05cd28cde1617b9d0c05a831daff6cb97fd9fd5/spark/js/spark-script.js"></script>
<script type="text/javascript"></script></body>
</html>